#
# There is insufficient memory for the Java Runtime Environment to continue.
# Native memory allocation (mmap) failed to map 8388608 bytes for Failed to reserve memory for metaspace
# Possible reasons:
#   The system is out of physical RAM or swap space
#   The process is running with CompressedOops enabled, and the Java Heap may be blocking the growth of the native heap
# Possible solutions:
#   Reduce memory load on the system
#   Increase physical memory or swap space
#   Check if swap backing store is full
#   Decrease Java heap size (-Xmx/-Xms)
#   Decrease number of Java threads
#   Decrease Java thread stack sizes (-Xss)
#   Set larger code cache with -XX:ReservedCodeCacheSize=
#   JVM is running with Unscaled Compressed Oops mode in which the Java heap is
#     placed in the first 4GB address space. The Java Heap base address is the
#     maximum limit for the native heap growth. Please use -XX:HeapBaseMinAddress
#     to set the Java Heap base and to place the Java Heap above 4GB virtual address.
# This output file may be truncated or incomplete.
#
#  Out of Memory Error (virtualSpaceNode.cpp:249), pid=51694, tid=51731
#
# JRE version: OpenJDK Runtime Environment Temurin-17.0.2+8 (17.0.2+8) (build 17.0.2+8)
# Java VM: OpenJDK 64-Bit Server VM Temurin-17.0.2+8 (17.0.2+8, mixed mode, tiered, compressed oops, compressed class ptrs, parallel gc, linux-amd64)
# Core dump will be written. Default location: Core dumps may be processed with "/bin/false" (or dumping to /home/j/jaysqvl/cs213/Assignment 9/core.51694)
#

---------------  S U M M A R Y ------------

Command Line: -Xmx500m --add-modules=ALL-SYSTEM --add-opens=java.base/java.util=ALL-UNNAMED --add-opens=java.base/java.lang=ALL-UNNAMED --add-opens=java.base/sun.nio.fs=ALL-UNNAMED -Declipse.application=org.eclipse.jdt.ls.core.id1 -Dosgi.bundles.defaultStartLevel=4 -Declipse.product=org.eclipse.jdt.ls.core.product -Djava.import.generatesMetadataFilesAtProjectRoot=false -Dfile.encoding=utf8 -XX:+UseParallelGC -XX:GCTimeRatio=4 -XX:AdaptiveSizePolicyWeight=90 -Dsun.zip.disableMemoryMapping=true -Xmx1G -Xms100m /home/j/jaysqvl/.vscode-server/extensions/redhat.java-1.4.0/server/plugins/org.eclipse.equinox.launcher_1.6.400.v20210924-0641.jar -configuration /home/j/jaysqvl/.vscode-server/data/User/globalStorage/redhat.java/1.4.0/config_ss_linux -data /home/j/jaysqvl/.vscode-server/data/User/workspaceStorage/ca0f3bc53bb39808caae60c7790b0be2/redhat.java/ss_ws

Host: Intel(R) Xeon(R) Gold 5218 CPU @ 2.30GHz, 64 cores, 187G, LSB_VERSION="core-2.0-noarch:core-3.2-noarch:core-4.0-noarch:core-2.0-x86_64:core-3.2-x86_64:core-4.0-x86_64"
Time: Wed Mar 30 03:55:30 2022 PDT elapsed time: 0.934739 seconds (0d 0h 0m 0s)

---------------  T H R E A D  ---------------

Current thread (0x00007f83eca09580):  JavaThread "Start Level: Equinox Container: e9d3d6d2-794a-4762-9d0f-00a96ed79325" daemon [_thread_in_vm, id=51731, stack(0x00007f83ad8eb000,0x00007f83ad9ec000)]

Stack: [0x00007f83ad8eb000,0x00007f83ad9ec000],  sp=0x00007f83ad9e8240,  free space=1012k
Native frames: (J=compiled Java code, j=interpreted, Vv=VM code, C=native code)
V  [libjvm.so+0xf81ea1]  VMError::report_and_die(int, char const*, char const*, __va_list_tag*, Thread*, unsigned char*, void*, void*, char const*, int, unsigned long)+0x1a1
V  [libjvm.so+0xf82b2b]  VMError::report_and_die(Thread*, char const*, int, unsigned long, VMErrorType, char const*, __va_list_tag*)+0x2b
V  [libjvm.so+0x61d6ad]  report_vm_out_of_memory(char const*, int, unsigned long, VMErrorType, char const*, ...)+0xcd
V  [libjvm.so+0xf76ca2]  metaspace::VirtualSpaceNode::create_node(unsigned long, metaspace::CommitLimiter*, metaspace::AbstractCounter<unsigned long>*, metaspace::AbstractCounter<unsigned long>*)+0x242
V  [libjvm.so+0xf75f16]  metaspace::VirtualSpaceList::allocate_root_chunk()+0x76
V  [libjvm.so+0x541a88]  metaspace::ChunkManager::get_chunk(signed char, signed char, unsigned long)+0x2a8
V  [libjvm.so+0xba8c29]  metaspace::MetaspaceArena::allocate(unsigned long)+0x179
V  [libjvm.so+0xba7ea4]  Metaspace::allocate(ClassLoaderData*, unsigned long, MetaspaceObj::Type, JavaThread*)+0x44
V  [libjvm.so+0xbc10a9]  MethodCounters::allocate_with_exception(methodHandle const&, JavaThread*)+0x39
V  [libjvm.so+0xbbc3ab]  Method::build_method_counters(Thread*, Method*)+0x14b
V  [libjvm.so+0x84556f]  InterpreterRuntime::build_method_counters(JavaThread*, Method*)+0x1f
j  org.apache.felix.scr.impl.inject.ValueUtils$ValueType.<clinit>()V+0
v  ~StubRoutines::call_stub
V  [libjvm.so+0x84f1f4]  JavaCalls::call_helper(JavaValue*, methodHandle const&, JavaCallArguments*, JavaThread*)+0x334
V  [libjvm.so+0x82a743]  InstanceKlass::call_class_initializer(JavaThread*)+0x1d3
V  [libjvm.so+0x82bb13]  InstanceKlass::initialize_impl(JavaThread*)+0x563
V  [libjvm.so+0xa8b33a]  LinkResolver::resolve_field(fieldDescriptor&, LinkInfo const&, Bytecodes::Code, bool, JavaThread*)+0x36a
V  [libjvm.so+0xa8b900]  LinkResolver::resolve_field_access(fieldDescriptor&, constantPoolHandle const&, int, methodHandle const&, Bytecodes::Code, JavaThread*)+0xe0
V  [libjvm.so+0x8497e4]  InterpreterRuntime::resolve_get_put(JavaThread*, Bytecodes::Code)+0x1b4
V  [libjvm.so+0x84a1f5]  InterpreterRuntime::resolve_from_cache(JavaThread*, Bytecodes::Code)+0x115
j  org.apache.felix.scr.impl.inject.methods.BindMethod.doFindMethod(Ljava/lang/Class;ZZLorg/apache/felix/scr/impl/logger/ComponentLogger;)Lorg/apache/felix/scr/impl/inject/methods/BaseMethod$MethodInfo;+371
j  org.apache.felix.scr.impl.inject.methods.BaseMethod.findMethod(Lorg/apache/felix/scr/impl/logger/ComponentLogger;)Lorg/apache/felix/scr/impl/inject/methods/BaseMethod$MethodInfo;+103
j  org.apache.felix.scr.impl.inject.methods.BaseMethod.access$400(Lorg/apache/felix/scr/impl/inject/methods/BaseMethod;Lorg/apache/felix/scr/impl/logger/ComponentLogger;)Lorg/apache/felix/scr/impl/inject/methods/BaseMethod$MethodInfo;+2
j  org.apache.felix.scr.impl.inject.methods.BaseMethod$NotResolved.resolve(Lorg/apache/felix/scr/impl/inject/methods/BaseMethod;Lorg/apache/felix/scr/impl/logger/ComponentLogger;)V+34
j  org.apache.felix.scr.impl.inject.methods.BaseMethod$NotResolved.methodExists(Lorg/apache/felix/scr/impl/inject/methods/BaseMethod;Lorg/apache/felix/scr/impl/logger/ComponentLogger;)Z+3
j  org.apache.felix.scr.impl.inject.methods.BaseMethod.methodExists(Lorg/apache/felix/scr/impl/logger/ComponentLogger;)Z+6
j  org.apache.felix.scr.impl.inject.methods.BindMethod.getServiceObject(Lorg/apache/felix/scr/impl/inject/BindParameters;Lorg/osgi/framework/BundleContext;)Z+24
j  org.apache.felix.scr.impl.manager.DependencyManager.getServiceObject(Lorg/apache/felix/scr/impl/manager/ComponentContextImpl;Lorg/apache/felix/scr/impl/inject/ReferenceMethod;Lorg/apache/felix/scr/impl/inject/RefPair;)Z+26
j  org.apache.felix.scr.impl.manager.DependencyManager$SingleDynamicCustomizer.prebind(Lorg/apache/felix/scr/impl/manager/ComponentContextImpl;)Z+151
j  org.apache.felix.scr.impl.manager.DependencyManager.prebind(Lorg/apache/felix/scr/impl/manager/ComponentContextImpl;)Z+5
j  org.apache.felix.scr.impl.manager.AbstractComponentManager.collectDependencies(Lorg/apache/felix/scr/impl/manager/ComponentContextImpl;)Z+36
j  org.apache.felix.scr.impl.manager.SingleComponentManager.getServiceInternal(Lorg/osgi/framework/ServiceRegistration;)Z+25
j  org.apache.felix.scr.impl.manager.AbstractComponentManager.activateInternal()V+427
j  org.apache.felix.scr.impl.manager.AbstractComponentManager.enableInternal()V+174
j  org.apache.felix.scr.impl.manager.AbstractComponentManager.enable(Z)Lorg/osgi/util/promise/Promise;+12
j  org.apache.felix.scr.impl.manager.ConfigurableComponentHolder.enableComponents(Z)Lorg/osgi/util/promise/Promise;+275
j  org.apache.felix.scr.impl.BundleComponentActivator.initialEnable()V+105
j  org.apache.felix.scr.impl.Activator.loadComponents(Lorg/osgi/framework/Bundle;)V+376
j  org.apache.felix.scr.impl.Activator.access$200(Lorg/apache/felix/scr/impl/Activator;Lorg/osgi/framework/Bundle;)V+2
j  org.apache.felix.scr.impl.Activator$ScrExtension.start()V+72
j  org.apache.felix.scr.impl.AbstractExtender.createExtension(Lorg/osgi/framework/Bundle;)V+71
j  org.apache.felix.scr.impl.AbstractExtender.modifiedBundle(Lorg/osgi/framework/Bundle;Lorg/osgi/framework/BundleEvent;Lorg/osgi/framework/Bundle;)V+115
j  org.apache.felix.scr.impl.AbstractExtender.addingBundle(Lorg/osgi/framework/Bundle;Lorg/osgi/framework/BundleEvent;)Lorg/osgi/framework/Bundle;+4
j  org.apache.felix.scr.impl.AbstractExtender.addingBundle(Lorg/osgi/framework/Bundle;Lorg/osgi/framework/BundleEvent;)Ljava/lang/Object;+3
j  org.osgi.util.tracker.BundleTracker$Tracked.customizerAdding(Lorg/osgi/framework/Bundle;Lorg/osgi/framework/BundleEvent;)Ljava/lang/Object;+9
j  org.osgi.util.tracker.BundleTracker$Tracked.customizerAdding(Ljava/lang/Object;Ljava/lang/Object;)Ljava/lang/Object;+9
j  org.osgi.util.tracker.AbstractTracked.trackAdding(Ljava/lang/Object;Ljava/lang/Object;)V+8
j  org.osgi.util.tracker.AbstractTracked.track(Ljava/lang/Object;Ljava/lang/Object;)V+83
j  org.osgi.util.tracker.BundleTracker$Tracked.bundleChanged(Lorg/osgi/framework/BundleEvent;)V+35
J 1390 c1 org.eclipse.osgi.internal.framework.BundleContextImpl.dispatchEvent(Ljava/lang/Object;Ljava/lang/Object;ILjava/lang/Object;)V (558 bytes) @ 0x00007f83dcc9c8a4 [0x00007f83dcc9b6c0+0x00000000000011e4]
J 1819 c1 org.eclipse.osgi.framework.eventmgr.EventManager.dispatchEvent(Ljava/util/Set;Lorg/eclipse/osgi/framework/eventmgr/EventDispatcher;ILjava/lang/Object;)V (69 bytes) @ 0x00007f83dcd917ec [0x00007f83dcd91320+0x00000000000004cc]
j  org.eclipse.osgi.framework.eventmgr.ListenerQueue.dispatchEventSynchronous(ILjava/lang/Object;)V+67
j  org.eclipse.osgi.internal.framework.EquinoxEventPublisher.publishBundleEventPrivileged(Lorg/osgi/framework/BundleEvent;)V+547
j  org.eclipse.osgi.internal.framework.EquinoxEventPublisher.publishBundleEvent(Lorg/osgi/framework/BundleEvent;)V+8
j  org.eclipse.osgi.internal.framework.EquinoxEventPublisher.publishBundleEvent(ILorg/osgi/framework/Bundle;Lorg/osgi/framework/Bundle;)V+15
j  org.eclipse.osgi.internal.framework.EquinoxContainerAdaptor.publishModuleEvent(Lorg/eclipse/osgi/container/ModuleContainerAdaptor$ModuleEvent;Lorg/eclipse/osgi/container/Module;Lorg/eclipse/osgi/container/Module;)V+29
j  org.eclipse.osgi.container.Module.publishEvent(Lorg/eclipse/osgi/container/ModuleContainerAdaptor$ModuleEvent;)V+13
j  org.eclipse.osgi.container.Module.start([Lorg/eclipse/osgi/container/Module$StartOptions;)V+588
j  org.eclipse.osgi.container.ModuleContainer$ContainerStartLevel$2.run()V+71
j  org.eclipse.osgi.internal.framework.EquinoxContainerAdaptor$1$1.execute(Ljava/lang/Runnable;)V+1
j  org.eclipse.osgi.container.ModuleContainer$ContainerStartLevel.incStartLevel(ILjava/util/List;Z)V+192
j  org.eclipse.osgi.container.ModuleContainer$ContainerStartLevel.incStartLevel(ILjava/util/List;Ljava/util/List;Ljava/util/List;Ljava/util/List;)V+4
j  org.eclipse.osgi.container.ModuleContainer$ContainerStartLevel.doContainerStartLevel(Lorg/eclipse/osgi/container/Module;I[Lorg/osgi/framework/FrameworkListener;)V+349
j  org.eclipse.osgi.container.ModuleContainer$ContainerStartLevel.dispatchEvent(Lorg/eclipse/osgi/container/Module;[Lorg/osgi/framework/FrameworkListener;ILjava/lang/Integer;)V+32
j  org.eclipse.osgi.container.ModuleContainer$ContainerStartLevel.dispatchEvent(Ljava/lang/Object;Ljava/lang/Object;ILjava/lang/Object;)V+15
j  org.eclipse.osgi.framework.eventmgr.EventManager.dispatchEvent(Ljava/util/Set;Lorg/eclipse/osgi/framework/eventmgr/EventDispatcher;ILjava/lang/Object;)V+48
j  org.eclipse.osgi.framework.eventmgr.EventManager$EventThread.run()V+26
v  ~StubRoutines::call_stub
V  [libjvm.so+0x84f1f4]  JavaCalls::call_helper(JavaValue*, methodHandle const&, JavaCallArguments*, JavaThread*)+0x334
V  [libjvm.so+0x850cdc]  JavaCalls::call_virtual(JavaValue*, Handle, Klass*, Symbol*, Symbol*, JavaThread*)+0x20c
V  [libjvm.so+0x90d520]  thread_entry(JavaThread*, JavaThread*)+0x70
V  [libjvm.so+0xf02e80]  JavaThread::thread_main_inner()+0x180
V  [libjvm.so+0xf062e2]  Thread::call_run()+0xe2
V  [libjvm.so+0xc40b81]  thread_native_entry(Thread*)+0xe1

Java frames: (J=compiled Java code, j=interpreted, Vv=VM code)
j  org.apache.felix.scr.impl.inject.ValueUtils$ValueType.<clinit>()V+0
v  ~StubRoutines::call_stub
j  org.apache.felix.scr.impl.inject.methods.BindMethod.doFindMethod(Ljava/lang/Class;ZZLorg/apache/felix/scr/impl/logger/ComponentLogger;)Lorg/apache/felix/scr/impl/inject/methods/BaseMethod$MethodInfo;+371
j  org.apache.felix.scr.impl.inject.methods.BaseMethod.findMethod(Lorg/apache/felix/scr/impl/logger/ComponentLogger;)Lorg/apache/felix/scr/impl/inject/methods/BaseMethod$MethodInfo;+103
j  org.apache.felix.scr.impl.inject.methods.BaseMethod.access$400(Lorg/apache/felix/scr/impl/inject/methods/BaseMethod;Lorg/apache/felix/scr/impl/logger/ComponentLogger;)Lorg/apache/felix/scr/impl/inject/methods/BaseMethod$MethodInfo;+2
j  org.apache.felix.scr.impl.inject.methods.BaseMethod$NotResolved.resolve(Lorg/apache/felix/scr/impl/inject/methods/BaseMethod;Lorg/apache/felix/scr/impl/logger/ComponentLogger;)V+34
j  org.apache.felix.scr.impl.inject.methods.BaseMethod$NotResolved.methodExists(Lorg/apache/felix/scr/impl/inject/methods/BaseMethod;Lorg/apache/felix/scr/impl/logger/ComponentLogger;)Z+3
j  org.apache.felix.scr.impl.inject.methods.BaseMethod.methodExists(Lorg/apache/felix/scr/impl/logger/ComponentLogger;)Z+6
j  org.apache.felix.scr.impl.inject.methods.BindMethod.getServiceObject(Lorg/apache/felix/scr/impl/inject/BindParameters;Lorg/osgi/framework/BundleContext;)Z+24
j  org.apache.felix.scr.impl.manager.DependencyManager.getServiceObject(Lorg/apache/felix/scr/impl/manager/ComponentContextImpl;Lorg/apache/felix/scr/impl/inject/ReferenceMethod;Lorg/apache/felix/scr/impl/inject/RefPair;)Z+26
j  org.apache.felix.scr.impl.manager.DependencyManager$SingleDynamicCustomizer.prebind(Lorg/apache/felix/scr/impl/manager/ComponentContextImpl;)Z+151
j  org.apache.felix.scr.impl.manager.DependencyManager.prebind(Lorg/apache/felix/scr/impl/manager/ComponentContextImpl;)Z+5
j  org.apache.felix.scr.impl.manager.AbstractComponentManager.collectDependencies(Lorg/apache/felix/scr/impl/manager/ComponentContextImpl;)Z+36
j  org.apache.felix.scr.impl.manager.SingleComponentManager.getServiceInternal(Lorg/osgi/framework/ServiceRegistration;)Z+25
j  org.apache.felix.scr.impl.manager.AbstractComponentManager.activateInternal()V+427
j  org.apache.felix.scr.impl.manager.AbstractComponentManager.enableInternal()V+174
j  org.apache.felix.scr.impl.manager.AbstractComponentManager.enable(Z)Lorg/osgi/util/promise/Promise;+12
j  org.apache.felix.scr.impl.manager.ConfigurableComponentHolder.enableComponents(Z)Lorg/osgi/util/promise/Promise;+275
j  org.apache.felix.scr.impl.BundleComponentActivator.initialEnable()V+105
j  org.apache.felix.scr.impl.Activator.loadComponents(Lorg/osgi/framework/Bundle;)V+376
j  org.apache.felix.scr.impl.Activator.access$200(Lorg/apache/felix/scr/impl/Activator;Lorg/osgi/framework/Bundle;)V+2
j  org.apache.felix.scr.impl.Activator$ScrExtension.start()V+72
j  org.apache.felix.scr.impl.AbstractExtender.createExtension(Lorg/osgi/framework/Bundle;)V+71
j  org.apache.felix.scr.impl.AbstractExtender.modifiedBundle(Lorg/osgi/framework/Bundle;Lorg/osgi/framework/BundleEvent;Lorg/osgi/framework/Bundle;)V+115
j  org.apache.felix.scr.impl.AbstractExtender.addingBundle(Lorg/osgi/framework/Bundle;Lorg/osgi/framework/BundleEvent;)Lorg/osgi/framework/Bundle;+4
j  org.apache.felix.scr.impl.AbstractExtender.addingBundle(Lorg/osgi/framework/Bundle;Lorg/osgi/framework/BundleEvent;)Ljava/lang/Object;+3
j  org.osgi.util.tracker.BundleTracker$Tracked.customizerAdding(Lorg/osgi/framework/Bundle;Lorg/osgi/framework/BundleEvent;)Ljava/lang/Object;+9
j  org.osgi.util.tracker.BundleTracker$Tracked.customizerAdding(Ljava/lang/Object;Ljava/lang/Object;)Ljava/lang/Object;+9
j  org.osgi.util.tracker.AbstractTracked.trackAdding(Ljava/lang/Object;Ljava/lang/Object;)V+8
j  org.osgi.util.tracker.AbstractTracked.track(Ljava/lang/Object;Ljava/lang/Object;)V+83
j  org.osgi.util.tracker.BundleTracker$Tracked.bundleChanged(Lorg/osgi/framework/BundleEvent;)V+35
J 1390 c1 org.eclipse.osgi.internal.framework.BundleContextImpl.dispatchEvent(Ljava/lang/Object;Ljava/lang/Object;ILjava/lang/Object;)V (558 bytes) @ 0x00007f83dcc9c8a4 [0x00007f83dcc9b6c0+0x00000000000011e4]
J 1819 c1 org.eclipse.osgi.framework.eventmgr.EventManager.dispatchEvent(Ljava/util/Set;Lorg/eclipse/osgi/framework/eventmgr/EventDispatcher;ILjava/lang/Object;)V (69 bytes) @ 0x00007f83dcd917ec [0x00007f83dcd91320+0x00000000000004cc]
j  org.eclipse.osgi.framework.eventmgr.ListenerQueue.dispatchEventSynchronous(ILjava/lang/Object;)V+67
j  org.eclipse.osgi.internal.framework.EquinoxEventPublisher.publishBundleEventPrivileged(Lorg/osgi/framework/BundleEvent;)V+547
j  org.eclipse.osgi.internal.framework.EquinoxEventPublisher.publishBundleEvent(Lorg/osgi/framework/BundleEvent;)V+8
j  org.eclipse.osgi.internal.framework.EquinoxEventPublisher.publishBundleEvent(ILorg/osgi/framework/Bundle;Lorg/osgi/framework/Bundle;)V+15
j  org.eclipse.osgi.internal.framework.EquinoxContainerAdaptor.publishModuleEvent(Lorg/eclipse/osgi/container/ModuleContainerAdaptor$ModuleEvent;Lorg/eclipse/osgi/container/Module;Lorg/eclipse/osgi/container/Module;)V+29
j  org.eclipse.osgi.container.Module.publishEvent(Lorg/eclipse/osgi/container/ModuleContainerAdaptor$ModuleEvent;)V+13
j  org.eclipse.osgi.container.Module.start([Lorg/eclipse/osgi/container/Module$StartOptions;)V+588
j  org.eclipse.osgi.container.ModuleContainer$ContainerStartLevel$2.run()V+71
j  org.eclipse.osgi.internal.framework.EquinoxContainerAdaptor$1$1.execute(Ljava/lang/Runnable;)V+1
j  org.eclipse.osgi.container.ModuleContainer$ContainerStartLevel.incStartLevel(ILjava/util/List;Z)V+192
j  org.eclipse.osgi.container.ModuleContainer$ContainerStartLevel.incStartLevel(ILjava/util/List;Ljava/util/List;Ljava/util/List;Ljava/util/List;)V+4
j  org.eclipse.osgi.container.ModuleContainer$ContainerStartLevel.doContainerStartLevel(Lorg/eclipse/osgi/container/Module;I[Lorg/osgi/framework/FrameworkListener;)V+349
j  org.eclipse.osgi.container.ModuleContainer$ContainerStartLevel.dispatchEvent(Lorg/eclipse/osgi/container/Module;[Lorg/osgi/framework/FrameworkListener;ILjava/lang/Integer;)V+32
j  org.eclipse.osgi.container.ModuleContainer$ContainerStartLevel.dispatchEvent(Ljava/lang/Object;Ljava/lang/Object;ILjava/lang/Object;)V+15
j  org.eclipse.osgi.framework.eventmgr.EventManager.dispatchEvent(Ljava/util/Set;Lorg/eclipse/osgi/framework/eventmgr/EventDispatcher;ILjava/lang/Object;)V+48
j  org.eclipse.osgi.framework.eventmgr.EventManager$EventThread.run()V+26
v  ~StubRoutines::call_stub

---------------  P R O C E S S  ---------------

Threads class SMR info:
_java_thread_list=0x00007f834c071640, length=87, elements={
0x00007f83ec0253b0, 0x00007f83ec66ae40, 0x00007f83ec66c3b0, 0x00007f83ec6976f0,
0x00007f83ec69b000, 0x00007f83ec69bf50, 0x00007f83ec69d640, 0x00007f83ec69eb30,
0x00007f83ec69ff70, 0x00007f83ec7157f0, 0x00007f83a8056760, 0x00007f83ec770ed0,
0x00007f83ec89c990, 0x00007f83ec9bfdf0, 0x00007f83800016e0, 0x00007f83ec9c1d70,
0x00007f83ec9c2970, 0x00007f83ec9c3ad0, 0x00007f83ec9c4c00, 0x00007f83ec9d6380,
0x00007f83981ef3e0, 0x00007f83981f0570, 0x00007f83981f16f0, 0x00007f83ec9f1df0,
0x00007f83eca09580, 0x00007f83ecbb1180, 0x00007f833800c1d0, 0x00007f833800c740,
0x00007f833800d630, 0x00007f833c000e70, 0x00007f833800e4f0, 0x00007f833c001f60,
0x00007f8330000e70, 0x00007f8334000e70, 0x00007f833800f4d0, 0x00007f83380105d0,
0x00007f83380116d0, 0x00007f83380127e0, 0x00007f8310000e70, 0x00007f831c000e70,
0x00007f83380138f0, 0x00007f8314000e70, 0x00007f8308000e70, 0x00007f831c001fb0,
0x00007f8338014a20, 0x00007f8304000e70, 0x00007f82f8000e70, 0x00007f831c0030f0,
0x00007f8338015dd0, 0x00007f83040023d0, 0x00007f82f8002410, 0x00007f8338017330,
0x00007f82d8000e70, 0x00007f82f8003980, 0x00007f83380188a0, 0x00007f82d8002410,
0x00007f82c8000e70, 0x00007f8338019a90, 0x00007f82d80037e0, 0x00007f82c8002040,
0x00007f82bc000e70, 0x00007f833801ac40, 0x00007f82c4000e70, 0x00007f833801bc00,
0x00007f833801cde0, 0x00007f833801dfd0, 0x00007f833801f5b0, 0x00007f8338020ba0,
0x00007f8338022190, 0x00007f8338023790, 0x00007f8338024d90, 0x00007f83380263a0,
0x00007f83380279b0, 0x00007f8338028fd0, 0x00007f833802a5f0, 0x00007f83f564d010,
0x00007f83f000a010, 0x00007f833802b830, 0x00007f83d9803010, 0x00007f83d8080010,
0x00007f833802ca80, 0x00007f83d806c010, 0x00007f83d8053010, 0x00007f833802e110,
0x00007f834401e4d0, 0x00007f83440823d0, 0x00007f834c070c30
}

Java Threads: ( => current thread )
  0x00007f83ec0253b0 JavaThread "main" [_thread_blocked, id=51695, stack(0x00007f83f56fe000,0x00007f83f57ff000)]
  0x00007f83ec66ae40 JavaThread "Reference Handler" daemon [_thread_blocked, id=51698, stack(0x00007f83cc787000,0x00007f83cc888000)]
  0x00007f83ec66c3b0 JavaThread "Finalizer" daemon [_thread_blocked, id=51699, stack(0x00007f83cc686000,0x00007f83cc787000)]
  0x00007f83ec6976f0 JavaThread "Signal Dispatcher" daemon [_thread_blocked, id=51700, stack(0x00007f83cc30d000,0x00007f83cc40e000)]
  0x00007f83ec69b000 JavaThread "Service Thread" daemon [_thread_blocked, id=51701, stack(0x00007f83cc20c000,0x00007f83cc30d000)]
  0x00007f83ec69bf50 JavaThread "Monitor Deflation Thread" daemon [_thread_blocked, id=51702, stack(0x00007f83cc10b000,0x00007f83cc20c000)]
  0x00007f83ec69d640 JavaThread "C2 CompilerThread0" daemon [_thread_blocked, id=51703, stack(0x00007f83cc00a000,0x00007f83cc10b000)]
  0x00007f83ec69eb30 JavaThread "C1 CompilerThread0" daemon [_thread_blocked, id=51704, stack(0x00007f83afeff000,0x00007f83b0000000)]
  0x00007f83ec69ff70 JavaThread "Sweeper thread" daemon [_thread_blocked, id=51705, stack(0x00007f83afdfe000,0x00007f83afeff000)]
  0x00007f83ec7157f0 JavaThread "Common-Cleaner" daemon [_thread_blocked, id=51706, stack(0x00007f83afcfd000,0x00007f83afdfe000)]
  0x00007f83a8056760 JavaThread "C1 CompilerThread1" daemon [_thread_blocked, id=51707, stack(0x00007f83afbfc000,0x00007f83afcfd000)]
  0x00007f83ec770ed0 JavaThread "Notification Thread" daemon [_thread_blocked, id=51709, stack(0x00007f83af9fa000,0x00007f83afafb000)]
  0x00007f83ec89c990 JavaThread "process reaper" daemon [_thread_blocked, id=51712, stack(0x00007f83f0011000,0x00007f83f0033000)]
  0x00007f83ec9bfdf0 JavaThread "Equinox resolver thread - Equinox Container: e9d3d6d2-794a-4762-9d0f-00a96ed79325" daemon [_thread_blocked, id=51714, stack(0x00007f83af2cd000,0x00007f83af3ce000)]
  0x00007f83800016e0 JavaThread "Equinox resolver thread - Equinox Container: e9d3d6d2-794a-4762-9d0f-00a96ed79325" daemon [_thread_blocked, id=51715, stack(0x00007f83af1cc000,0x00007f83af2cd000)]
  0x00007f83ec9c1d70 JavaThread "Equinox resolver thread - Equinox Container: e9d3d6d2-794a-4762-9d0f-00a96ed79325" daemon [_thread_blocked, id=51716, stack(0x00007f83af0cb000,0x00007f83af1cc000)]
  0x00007f83ec9c2970 JavaThread "Equinox resolver thread - Equinox Container: e9d3d6d2-794a-4762-9d0f-00a96ed79325" daemon [_thread_blocked, id=51717, stack(0x00007f83ae6ff000,0x00007f83ae800000)]
  0x00007f83ec9c3ad0 JavaThread "Equinox resolver thread - Equinox Container: e9d3d6d2-794a-4762-9d0f-00a96ed79325" daemon [_thread_blocked, id=51718, stack(0x00007f83ae5fe000,0x00007f83ae6ff000)]
  0x00007f83ec9c4c00 JavaThread "Equinox resolver thread - Equinox Container: e9d3d6d2-794a-4762-9d0f-00a96ed79325" daemon [_thread_blocked, id=51719, stack(0x00007f83ae4fd000,0x00007f83ae5fe000)]
  0x00007f83ec9d6380 JavaThread "Active Thread: Equinox Container: e9d3d6d2-794a-4762-9d0f-00a96ed79325" [_thread_blocked, id=51720, stack(0x00007f83ae3fc000,0x00007f83ae4fd000)]
  0x00007f83981ef3e0 JavaThread "C1 CompilerThread2" daemon [_thread_blocked, id=51727, stack(0x00007f83adcef000,0x00007f83addf0000)]
  0x00007f83981f0570 JavaThread "C1 CompilerThread3" daemon [_thread_blocked, id=51728, stack(0x00007f83adbee000,0x00007f83adcef000)]
  0x00007f83981f16f0 JavaThread "C1 CompilerThread4" daemon [_thread_blocked, id=51729, stack(0x00007f83adaed000,0x00007f83adbee000)]
  0x00007f83ec9f1df0 JavaThread "Framework Event Dispatcher: Equinox Container: e9d3d6d2-794a-4762-9d0f-00a96ed79325" daemon [_thread_blocked, id=51730, stack(0x00007f83ad9ec000,0x00007f83adaed000)]
=>0x00007f83eca09580 JavaThread "Start Level: Equinox Container: e9d3d6d2-794a-4762-9d0f-00a96ed79325" daemon [_thread_in_vm, id=51731, stack(0x00007f83ad8eb000,0x00007f83ad9ec000)]
  0x00007f83ecbb1180 JavaThread "Refresh Thread: Equinox Container: e9d3d6d2-794a-4762-9d0f-00a96ed79325" daemon [_thread_blocked, id=51736, stack(0x00007f83ad7ea000,0x00007f83ad8eb000)]
  0x00007f833800c1d0 JavaThread "Equinox resolver thread - Equinox Container: e9d3d6d2-794a-4762-9d0f-00a96ed79325" daemon [_thread_blocked, id=51740, stack(0x00007f83ad4d8000,0x00007f83ad5d9000)]
  0x00007f833800c740 JavaThread "Equinox resolver thread - Equinox Container: e9d3d6d2-794a-4762-9d0f-00a96ed79325" daemon [_thread_blocked, id=51741, stack(0x00007f83ad3d7000,0x00007f83ad4d8000)]
  0x00007f833800d630 JavaThread "Equinox resolver thread - Equinox Container: e9d3d6d2-794a-4762-9d0f-00a96ed79325" daemon [_thread_blocked, id=51742, stack(0x00007f83ad2d6000,0x00007f83ad3d7000)]
  0x00007f833c000e70 JavaThread "Equinox resolver thread - Equinox Container: e9d3d6d2-794a-4762-9d0f-00a96ed79325" daemon [_thread_blocked, id=51743, stack(0x00007f83ad1d5000,0x00007f83ad2d6000)]
  0x00007f833800e4f0 JavaThread "Equinox resolver thread - Equinox Container: e9d3d6d2-794a-4762-9d0f-00a96ed79325" daemon [_thread_blocked, id=51744, stack(0x00007f83ad0d4000,0x00007f83ad1d5000)]
  0x00007f833c001f60 JavaThread "Equinox resolver thread - Equinox Container: e9d3d6d2-794a-4762-9d0f-00a96ed79325" daemon [_thread_blocked, id=51745, stack(0x00007f83acfd3000,0x00007f83ad0d4000)]
  0x00007f8330000e70 JavaThread "Equinox resolver thread - Equinox Container: e9d3d6d2-794a-4762-9d0f-00a96ed79325" daemon [_thread_blocked, id=51746, stack(0x00007f83aced2000,0x00007f83acfd3000)]
  0x00007f8334000e70 JavaThread "Equinox resolver thread - Equinox Container: e9d3d6d2-794a-4762-9d0f-00a96ed79325" daemon [_thread_blocked, id=51747, stack(0x00007f83acdd1000,0x00007f83aced2000)]
  0x00007f833800f4d0 JavaThread "Equinox resolver thread - Equinox Container: e9d3d6d2-794a-4762-9d0f-00a96ed79325" daemon [_thread_blocked, id=51748, stack(0x00007f83accd0000,0x00007f83acdd1000)]
  0x00007f83380105d0 JavaThread "Equinox resolver thread - Equinox Container: e9d3d6d2-794a-4762-9d0f-00a96ed79325" daemon [_thread_blocked, id=51749, stack(0x00007f83acbcf000,0x00007f83accd0000)]
  0x00007f83380116d0 JavaThread "Equinox resolver thread - Equinox Container: e9d3d6d2-794a-4762-9d0f-00a96ed79325" daemon [_thread_blocked, id=51750, stack(0x00007f83acace000,0x00007f83acbcf000)]
  0x00007f83380127e0 JavaThread "Equinox resolver thread - Equinox Container: e9d3d6d2-794a-4762-9d0f-00a96ed79325" daemon [_thread_blocked, id=51751, stack(0x00007f83ac9cd000,0x00007f83acace000)]
  0x00007f8310000e70 JavaThread "Equinox resolver thread - Equinox Container: e9d3d6d2-794a-4762-9d0f-00a96ed79325" daemon [_thread_blocked, id=51752, stack(0x00007f83ac8cc000,0x00007f83ac9cd000)]
  0x00007f831c000e70 JavaThread "Equinox resolver thread - Equinox Container: e9d3d6d2-794a-4762-9d0f-00a96ed79325" daemon [_thread_blocked, id=51753, stack(0x00007f83ac7cb000,0x00007f83ac8cc000)]
  0x00007f83380138f0 JavaThread "Equinox resolver thread - Equinox Container: e9d3d6d2-794a-4762-9d0f-00a96ed79325" daemon [_thread_blocked, id=51754, stack(0x00007f83ac6ca000,0x00007f83ac7cb000)]
  0x00007f8314000e70 JavaThread "Equinox resolver thread - Equinox Container: e9d3d6d2-794a-4762-9d0f-00a96ed79325" daemon [_thread_blocked, id=51755, stack(0x00007f83ac5c9000,0x00007f83ac6ca000)]
  0x00007f8308000e70 JavaThread "Equinox resolver thread - Equinox Container: e9d3d6d2-794a-4762-9d0f-00a96ed79325" daemon [_thread_blocked, id=51756, stack(0x00007f83ac4c8000,0x00007f83ac5c9000)]
  0x00007f831c001fb0 JavaThread "Equinox resolver thread - Equinox Container: e9d3d6d2-794a-4762-9d0f-00a96ed79325" daemon [_thread_blocked, id=51757, stack(0x00007f83ac3c7000,0x00007f83ac4c8000)]
  0x00007f8338014a20 JavaThread "Equinox resolver thread - Equinox Container: e9d3d6d2-794a-4762-9d0f-00a96ed79325" daemon [_thread_blocked, id=51758, stack(0x00007f83ac2c6000,0x00007f83ac3c7000)]
  0x00007f8304000e70 JavaThread "Equinox resolver thread - Equinox Container: e9d3d6d2-794a-4762-9d0f-00a96ed79325" daemon [_thread_blocked, id=51759, stack(0x00007f83ac1c5000,0x00007f83ac2c6000)]
  0x00007f82f8000e70 JavaThread "Equinox resolver thread - Equinox Container: e9d3d6d2-794a-4762-9d0f-00a96ed79325" daemon [_thread_blocked, id=51760, stack(0x00007f83ac0c4000,0x00007f83ac1c5000)]
  0x00007f831c0030f0 JavaThread "Equinox resolver thread - Equinox Container: e9d3d6d2-794a-4762-9d0f-00a96ed79325" daemon [_thread_blocked, id=51761, stack(0x00007f82e7eff000,0x00007f82e8000000)]
  0x00007f8338015dd0 JavaThread "Equinox resolver thread - Equinox Container: e9d3d6d2-794a-4762-9d0f-00a96ed79325" daemon [_thread_blocked, id=51762, stack(0x00007f82e7dfe000,0x00007f82e7eff000)]
  0x00007f83040023d0 JavaThread "Equinox resolver thread - Equinox Container: e9d3d6d2-794a-4762-9d0f-00a96ed79325" daemon [_thread_blocked, id=51763, stack(0x00007f82e7cfd000,0x00007f82e7dfe000)]
  0x00007f82f8002410 JavaThread "Equinox resolver thread - Equinox Container: e9d3d6d2-794a-4762-9d0f-00a96ed79325" daemon [_thread_blocked, id=51764, stack(0x00007f82e7bfc000,0x00007f82e7cfd000)]
  0x00007f8338017330 JavaThread "Equinox resolver thread - Equinox Container: e9d3d6d2-794a-4762-9d0f-00a96ed79325" daemon [_thread_blocked, id=51765, stack(0x00007f82e7afb000,0x00007f82e7bfc000)]
  0x00007f82d8000e70 JavaThread "Equinox resolver thread - Equinox Container: e9d3d6d2-794a-4762-9d0f-00a96ed79325" daemon [_thread_blocked, id=51766, stack(0x00007f82e79fa000,0x00007f82e7afb000)]
  0x00007f82f8003980 JavaThread "Equinox resolver thread - Equinox Container: e9d3d6d2-794a-4762-9d0f-00a96ed79325" daemon [_thread_blocked, id=51767, stack(0x00007f82e78f9000,0x00007f82e79fa000)]
  0x00007f83380188a0 JavaThread "Equinox resolver thread - Equinox Container: e9d3d6d2-794a-4762-9d0f-00a96ed79325" daemon [_thread_blocked, id=51768, stack(0x00007f82e77f8000,0x00007f82e78f9000)]
  0x00007f82d8002410 JavaThread "Equinox resolver thread - Equinox Container: e9d3d6d2-794a-4762-9d0f-00a96ed79325" daemon [_thread_blocked, id=51769, stack(0x00007f82e76f7000,0x00007f82e77f8000)]
  0x00007f82c8000e70 JavaThread "Equinox resolver thread - Equinox Container: e9d3d6d2-794a-4762-9d0f-00a96ed79325" daemon [_thread_blocked, id=51770, stack(0x00007f82e75f6000,0x00007f82e76f7000)]
  0x00007f8338019a90 JavaThread "Equinox resolver thread - Equinox Container: e9d3d6d2-794a-4762-9d0f-00a96ed79325" daemon [_thread_blocked, id=51771, stack(0x00007f82e74f5000,0x00007f82e75f6000)]
  0x00007f82d80037e0 JavaThread "Equinox resolver thread - Equinox Container: e9d3d6d2-794a-4762-9d0f-00a96ed79325" daemon [_thread_blocked, id=51773, stack(0x00007f82e73f4000,0x00007f82e74f5000)]
  0x00007f82c8002040 JavaThread "Equinox resolver thread - Equinox Container: e9d3d6d2-794a-4762-9d0f-00a96ed79325" daemon [_thread_blocked, id=51776, stack(0x00007f82e72f3000,0x00007f82e73f4000)]
  0x00007f82bc000e70 JavaThread "Equinox resolver thread - Equinox Container: e9d3d6d2-794a-4762-9d0f-00a96ed79325" daemon [_thread_blocked, id=51778, stack(0x00007f82e71f2000,0x00007f82e72f3000)]
  0x00007f833801ac40 JavaThread "Equinox resolver thread - Equinox Container: e9d3d6d2-794a-4762-9d0f-00a96ed79325" daemon [_thread_blocked, id=51779, stack(0x00007f82e70f1000,0x00007f82e71f2000)]
  0x00007f82c4000e70 JavaThread "Equinox resolver thread - Equinox Container: e9d3d6d2-794a-4762-9d0f-00a96ed79325" daemon [_thread_blocked, id=51781, stack(0x00007f82e6ff0000,0x00007f82e70f1000)]
  0x00007f833801bc00 JavaThread "Equinox resolver thread - Equinox Container: e9d3d6d2-794a-4762-9d0f-00a96ed79325" daemon [_thread_blocked, id=51783, stack(0x00007f82e6eef000,0x00007f82e6ff0000)]
  0x00007f833801cde0 JavaThread "Equinox resolver thread - Equinox Container: e9d3d6d2-794a-4762-9d0f-00a96ed79325" daemon [_thread_blocked, id=51784, stack(0x00007f82e6dee000,0x00007f82e6eef000)]
  0x00007f833801dfd0 JavaThread "Equinox resolver thread - Equinox Container: e9d3d6d2-794a-4762-9d0f-00a96ed79325" daemon [_thread_blocked, id=51785, stack(0x00007f82e6ced000,0x00007f82e6dee000)]
  0x00007f833801f5b0 JavaThread "Equinox resolver thread - Equinox Container: e9d3d6d2-794a-4762-9d0f-00a96ed79325" daemon [_thread_blocked, id=51786, stack(0x00007f82e6bec000,0x00007f82e6ced000)]
  0x00007f8338020ba0 JavaThread "Equinox resolver thread - Equinox Container: e9d3d6d2-794a-4762-9d0f-00a96ed79325" daemon [_thread_blocked, id=51787, stack(0x00007f82e6aeb000,0x00007f82e6bec000)]
  0x00007f8338022190 JavaThread "Equinox resolver thread - Equinox Container: e9d3d6d2-794a-4762-9d0f-00a96ed79325" daemon [_thread_blocked, id=51788, stack(0x00007f82e69ea000,0x00007f82e6aeb000)]
  0x00007f8338023790 JavaThread "Equinox resolver thread - Equinox Container: e9d3d6d2-794a-4762-9d0f-00a96ed79325" daemon [_thread_blocked, id=51789, stack(0x00007f82e68e9000,0x00007f82e69ea000)]
  0x00007f8338024d90 JavaThread "Equinox resolver thread - Equinox Container: e9d3d6d2-794a-4762-9d0f-00a96ed79325" daemon [_thread_blocked, id=51790, stack(0x00007f82e67e8000,0x00007f82e68e9000)]
  0x00007f83380263a0 JavaThread "Equinox resolver thread - Equinox Container: e9d3d6d2-794a-4762-9d0f-00a96ed79325" daemon [_thread_blocked, id=51791, stack(0x00007f82e66e7000,0x00007f82e67e8000)]
  0x00007f83380279b0 JavaThread "Equinox resolver thread - Equinox Container: e9d3d6d2-794a-4762-9d0f-00a96ed79325" daemon [_thread_blocked, id=51792, stack(0x00007f82e65e6000,0x00007f82e66e7000)]
  0x00007f8338028fd0 JavaThread "Equinox resolver thread - Equinox Container: e9d3d6d2-794a-4762-9d0f-00a96ed79325" daemon [_thread_blocked, id=51793, stack(0x00007f82e64e5000,0x00007f82e65e6000)]
  0x00007f833802a5f0 JavaThread "Equinox resolver thread - Equinox Container: e9d3d6d2-794a-4762-9d0f-00a96ed79325" daemon [_thread_blocked, id=51794, stack(0x00007f82e63e4000,0x00007f82e64e5000)]
  0x00007f83f564d010 JavaThread "Equinox resolver thread - Equinox Container: e9d3d6d2-794a-4762-9d0f-00a96ed79325" daemon [_thread_blocked, id=51795, stack(0x00007f82e62e3000,0x00007f82e63e4000)]
  0x00007f83f000a010 JavaThread "Equinox resolver thread - Equinox Container: e9d3d6d2-794a-4762-9d0f-00a96ed79325" daemon [_thread_blocked, id=51796, stack(0x00007f82e61e2000,0x00007f82e62e3000)]
  0x00007f833802b830 JavaThread "Equinox resolver thread - Equinox Container: e9d3d6d2-794a-4762-9d0f-00a96ed79325" daemon [_thread_blocked, id=51797, stack(0x00007f82e60e1000,0x00007f82e61e2000)]
  0x00007f83d9803010 JavaThread "Equinox resolver thread - Equinox Container: e9d3d6d2-794a-4762-9d0f-00a96ed79325" daemon [_thread_blocked, id=51798, stack(0x00007f82e5fe0000,0x00007f82e60e1000)]
  0x00007f83d8080010 JavaThread "Equinox resolver thread - Equinox Container: e9d3d6d2-794a-4762-9d0f-00a96ed79325" daemon [_thread_blocked, id=51799, stack(0x00007f82e5edf000,0x00007f82e5fe0000)]
  0x00007f833802ca80 JavaThread "Equinox resolver thread - Equinox Container: e9d3d6d2-794a-4762-9d0f-00a96ed79325" daemon [_thread_blocked, id=51800, stack(0x00007f82e5dde000,0x00007f82e5edf000)]
  0x00007f83d806c010 JavaThread "Equinox resolver thread - Equinox Container: e9d3d6d2-794a-4762-9d0f-00a96ed79325" daemon [_thread_blocked, id=51801, stack(0x00007f82e5cdd000,0x00007f82e5dde000)]
  0x00007f83d8053010 JavaThread "Equinox resolver thread - Equinox Container: e9d3d6d2-794a-4762-9d0f-00a96ed79325" daemon [_thread_blocked, id=51802, stack(0x00007f82e5bdc000,0x00007f82e5cdd000)]
  0x00007f833802e110 JavaThread "Equinox resolver thread - Equinox Container: e9d3d6d2-794a-4762-9d0f-00a96ed79325" daemon [_thread_blocked, id=51803, stack(0x00007f82e5adb000,0x00007f82e5bdc000)]
  0x00007f834401e4d0 JavaThread "SCR Component Actor" daemon [_thread_blocked, id=51807, stack(0x00007f82e59da000,0x00007f82e5adb000)]
  0x00007f83440823d0 JavaThread "Timer-0" [_thread_blocked, id=51811, stack(0x00007f82e58d9000,0x00007f82e59da000)]
  0x00007f834c070c30 JavaThread "C2 CompilerThread1" daemon [_thread_blocked, id=51816, stack(0x00007f83afafb000,0x00007f83afbfc000)]

Other Threads:
  0x00007f83ec65a9c0 VMThread "VM Thread" [stack: 0x00007f83cc88a000,0x00007f83cc98a000] [id=51697]
  0x00007f83ec06fc50 WatcherThread [stack: 0x00007f83af8fa000,0x00007f83af9fa000] [id=51710]
  0x00007f83ec03c190 GCTaskThread "GC Thread#0" [stack: 0x00007f83dbce7000,0x00007f83dbde7000] [id=51696]
  0x00007f83c80011f0 GCTaskThread "GC Thread#1" [stack: 0x00007f83ae2fc000,0x00007f83ae3fc000] [id=51721]
  0x00007f83c8001bf0 GCTaskThread "GC Thread#2" [stack: 0x00007f83ae1fa000,0x00007f83ae2fa000] [id=51722]
  0x00007f83c80025f0 GCTaskThread "GC Thread#3" [stack: 0x00007f83ae0f8000,0x00007f83ae1f8000] [id=51723]
  0x00007f83c8004b90 GCTaskThread "GC Thread#4" [stack: 0x00007f83adff6000,0x00007f83ae0f6000] [id=51724]
  0x00007f83c8005590 GCTaskThread "GC Thread#5" [stack: 0x00007f83adef4000,0x00007f83adff4000] [id=51725]
  0x00007f83c8005f90 GCTaskThread "GC Thread#6" [stack: 0x00007f83addf2000,0x00007f83adef2000] [id=51726]

Threads with active compile tasks:

VM state: not at safepoint (normal execution)

VM Mutex/Monitor currently owned by a thread:  ([mutex/lock_event])
[0x00007f83ec020150] Metaspace_lock - owner thread: 0x00007f83eca09580

Heap address: 0x00000000c0000000, size: 1024 MB, Compressed Oops mode: 32-bit

CDS archive(s) not mapped
Compressed class space mapped at: 0x0000000100000000-0x0000000140000000, reserved size: 1073741824
Narrow klass base: 0x0000000000000000, Narrow klass shift: 3, Narrow klass range: 0x140000000

GC Precious Log:
 CPUs: 64 total, 64 available
 Memory: 187G
 Large Page Support: Disabled
 NUMA Support: Disabled
 Compressed Oops: Enabled (32-bit)
 Alignments: Space 512K, Generation 512K, Heap 2M
 Heap Min Capacity: 100M
 Heap Initial Capacity: 100M
 Heap Max Capacity: 1G
 Pre-touch: Disabled
 Parallel Workers: 43

Heap:
 PSYoungGen      total 29696K, used 10535K [0x00000000eab00000, 0x00000000ecc00000, 0x0000000100000000)
  eden space 25600K, 25% used [0x00000000eab00000,0x00000000eb14af18,0x00000000ec400000)
  from space 4096K, 99% used [0x00000000ec800000,0x00000000ecbff0c8,0x00000000ecc00000)
  to   space 4096K, 0% used [0x00000000ec400000,0x00000000ec400000,0x00000000ec800000)
 ParOldGen       total 68608K, used 1786K [0x00000000c0000000, 0x00000000c4300000, 0x00000000eab00000)
  object space 68608K, 2% used [0x00000000c0000000,0x00000000c01be8c8,0x00000000c4300000)
 Metaspace       used 17230K, committed 17408K, reserved 1064960K
  class space    used 1757K, committed 1856K, reserved 1048576K

Card table byte_map: [0x00007f83dbde7000,0x00007f83dbfe8000] _byte_map_base: 0x00007f83db7e7000

Marking Bits: (ParMarkBitMap*) 0x00007f83f49a74a0
 Begin Bits: [0x00007f83d9b8f000, 0x00007f83dab8f000)
 End Bits:   [0x00007f83dab8f000, 0x00007f83dbb8f000)

Polling page: 0x00007f83f5838000

Metaspace:

Usage:
  Non-class:     15.11 MB used.
      Class:      1.72 MB used.
       Both:     16.83 MB used.

Virtual space:
  Non-class space:       16.00 MB reserved,      15.19 MB ( 95%) committed,  2 nodes.
      Class space:        1.00 GB reserved,       1.81 MB ( <1%) committed,  1 nodes.
             Both:        1.02 GB reserved,      17.00 MB (  2%) committed. 

Chunk freelists:
   Non-Class:  0 bytes
       Class:  2.14 MB
        Both:  2.14 MB

MaxMetaspaceSize: unlimited
CompressedClassSpaceSize: 1.00 GB
Initial GC threshold: 21.00 MB
Current GC threshold: 21.00 MB
CDS: off
MetaspaceReclaimPolicy: balanced
 - commit_granule_bytes: 65536.
 - commit_granule_words: 8192.
 - virtual_space_node_default_size: 1048576.
 - enlarge_chunks_in_place: 1.
 - new_chunks_are_fully_committed: 0.
 - uncommit_free_chunks: 1.
 - use_allocation_guard: 0.
 - handle_deallocations: 1.


Internal statistics:

num_allocs_failed_limit: 0.
num_arena_births: 108.
num_arena_deaths: 0.
num_vsnodes_births: 3.
num_vsnodes_deaths: 0.
num_space_committed: 272.
num_space_uncommitted: 0.
num_chunks_returned_to_freelist: 0.
num_chunks_taken_from_freelist: 406.
num_chunk_merges: 0.
num_chunk_splits: 277.
num_chunks_enlarged: 202.
num_purges: 0.
num_inconsistent_stats: 0.

CodeHeap 'non-profiled nmethods': size=118592Kb used=652Kb max_used=652Kb free=117940Kb
 bounds [0x00007f83e3de8000, 0x00007f83e4058000, 0x00007f83eb1b8000]
CodeHeap 'profiled nmethods': size=118588Kb used=4988Kb max_used=4988Kb free=113599Kb
 bounds [0x00007f83dca19000, 0x00007f83dcef9000, 0x00007f83e3de8000]
CodeHeap 'non-nmethods': size=8580Kb used=3416Kb max_used=3437Kb free=5163Kb
 bounds [0x00007f83dc1b8000, 0x00007f83dc518000, 0x00007f83dca19000]
 total_blobs=2787 nmethods=2331 adapters=367
 compilation: enabled
              stopped_count=0, restarted_count=0
 full_count=0

Compilation events (20 events):
Event: 0.916 Thread 0x00007f83981f16f0 nmethod 2321 0x00007f83dcef1190 code [0x00007f83dcef1460, 0x00007f83dcef2370]
Event: 0.916 Thread 0x00007f83981f0570 nmethod 2325 0x00007f83dcef2c10 code [0x00007f83dcef2de0, 0x00007f83dcef3080]
Event: 0.917 Thread 0x00007f83ec69eb30 nmethod 2324 0x00007f83dcef3110 code [0x00007f83dcef3320, 0x00007f83dcef39e0]
Event: 0.917 Thread 0x00007f83981ef3e0 2326       3       java.util.concurrent.locks.ReentrantLock::getHoldCount (8 bytes)
Event: 0.917 Thread 0x00007f83981f16f0 2327       3       java.util.concurrent.locks.ReentrantLock$Sync::getHoldCount (16 bytes)
Event: 0.917 Thread 0x00007f83981f0570 2328       3       org.eclipse.osgi.internal.framework.EquinoxBundle::getSymbolicName (11 bytes)
Event: 0.917 Thread 0x00007f83ec69d640 nmethod 2279 0x00007f83e3e85b10 code [0x00007f83e3e85d40, 0x00007f83e3e86990]
Event: 0.917 Thread 0x00007f83ec69d640 2295 %     4       com.sun.org.apache.xerces.internal.impl.io.UTF8Reader::read @ 113 (1443 bytes)
Event: 0.917 Thread 0x00007f83a8056760 nmethod 2319 0x00007f83dcef3c10 code [0x00007f83dcef3fe0, 0x00007f83dcef5bd0]
Event: 0.917 Thread 0x00007f83981f0570 nmethod 2328 0x00007f83dcef6610 code [0x00007f83dcef67c0, 0x00007f83dcef6980]
Event: 0.917 Thread 0x00007f83981f16f0 nmethod 2327 0x00007f83dcef6a90 code [0x00007f83dcef6c40, 0x00007f83dcef6ed0]
Event: 0.917 Thread 0x00007f83981ef3e0 nmethod 2326 0x00007f83dcef6f90 code [0x00007f83dcef7160, 0x00007f83dcef7450]
Event: 0.917 Thread 0x00007f83ec69eb30 2329       3       java.util.concurrent.locks.ReentrantLock::<init> (16 bytes)
Event: 0.917 Thread 0x00007f83981ef3e0 2330       3       java.util.concurrent.locks.ReentrantLock$NonfairSync::<init> (5 bytes)
Event: 0.917 Thread 0x00007f83981ef3e0 nmethod 2330 0x00007f83dcef7590 code [0x00007f83dcef7740, 0x00007f83dcef79b0]
Event: 0.917 Thread 0x00007f83ec69eb30 nmethod 2329 0x00007f83dcef7b10 code [0x00007f83dcef7ce0, 0x00007f83dcef8090]
Event: 0.918 Thread 0x00007f83a8056760 2331       1       org.eclipse.osgi.internal.loader.sources.NullPackageSource::isNullSource (2 bytes)
Event: 0.918 Thread 0x00007f834c070c30 nmethod 2280 0x00007f83e3e87110 code [0x00007f83e3e872c0, 0x00007f83e3e877b8]
Event: 0.918 Thread 0x00007f83a8056760 nmethod 2331 0x00007f83e3e87b10 code [0x00007f83e3e87ca0, 0x00007f83e3e87d70]
Event: 0.918 Thread 0x00007f834c070c30 2294       4       java.util.Properties::loadConvert (540 bytes)

GC Heap History (4 events):
Event: 0.522 GC heap before
{Heap before GC invocations=1 (full 0):
 PSYoungGen      total 29696K, used 25600K [0x00000000eab00000, 0x00000000ecc00000, 0x0000000100000000)
  eden space 25600K, 100% used [0x00000000eab00000,0x00000000ec400000,0x00000000ec400000)
  from space 4096K, 0% used [0x00000000ec800000,0x00000000ec800000,0x00000000ecc00000)
  to   space 4096K, 0% used [0x00000000ec400000,0x00000000ec400000,0x00000000ec800000)
 ParOldGen       total 68608K, used 0K [0x00000000c0000000, 0x00000000c4300000, 0x00000000eab00000)
  object space 68608K, 0% used [0x00000000c0000000,0x00000000c0000000,0x00000000c4300000)
 Metaspace       used 12820K, committed 12992K, reserved 1064960K
  class space    used 1304K, committed 1408K, reserved 1048576K
}
Event: 0.526 GC heap after
{Heap after GC invocations=1 (full 0):
 PSYoungGen      total 29696K, used 3249K [0x00000000eab00000, 0x00000000ecc00000, 0x0000000100000000)
  eden space 25600K, 0% used [0x00000000eab00000,0x00000000eab00000,0x00000000ec400000)
  from space 4096K, 79% used [0x00000000ec400000,0x00000000ec72c750,0x00000000ec800000)
  to   space 4096K, 0% used [0x00000000ec800000,0x00000000ec800000,0x00000000ecc00000)
 ParOldGen       total 68608K, used 16K [0x00000000c0000000, 0x00000000c4300000, 0x00000000eab00000)
  object space 68608K, 0% used [0x00000000c0000000,0x00000000c0004000,0x00000000c4300000)
 Metaspace       used 12820K, committed 12992K, reserved 1064960K
  class space    used 1304K, committed 1408K, reserved 1048576K
}
Event: 0.782 GC heap before
{Heap before GC invocations=2 (full 0):
 PSYoungGen      total 29696K, used 28849K [0x00000000eab00000, 0x00000000ecc00000, 0x0000000100000000)
  eden space 25600K, 100% used [0x00000000eab00000,0x00000000ec400000,0x00000000ec400000)
  from space 4096K, 79% used [0x00000000ec400000,0x00000000ec72c750,0x00000000ec800000)
  to   space 4096K, 0% used [0x00000000ec800000,0x00000000ec800000,0x00000000ecc00000)
 ParOldGen       total 68608K, used 16K [0x00000000c0000000, 0x00000000c4300000, 0x00000000eab00000)
  object space 68608K, 0% used [0x00000000c0000000,0x00000000c0004000,0x00000000c4300000)
 Metaspace       used 15910K, committed 16192K, reserved 1064960K
  class space    used 1637K, committed 1728K, reserved 1048576K
}
Event: 0.786 GC heap after
{Heap after GC invocations=2 (full 0):
 PSYoungGen      total 29696K, used 4092K [0x00000000eab00000, 0x00000000ecc00000, 0x0000000100000000)
  eden space 25600K, 0% used [0x00000000eab00000,0x00000000eab00000,0x00000000ec400000)
  from space 4096K, 99% used [0x00000000ec800000,0x00000000ecbff0c8,0x00000000ecc00000)
  to   space 4096K, 0% used [0x00000000ec400000,0x00000000ec400000,0x00000000ec800000)
 ParOldGen       total 68608K, used 1786K [0x00000000c0000000, 0x00000000c4300000, 0x00000000eab00000)
  object space 68608K, 2% used [0x00000000c0000000,0x00000000c01be8c8,0x00000000c4300000)
 Metaspace       used 15910K, committed 16192K, reserved 1064960K
  class space    used 1637K, committed 1728K, reserved 1048576K
}

Deoptimization events (20 events):
Event: 0.688 Thread 0x00007f83ecbb1180 Uncommon trap: trap_request=0xffffff45 fr.pc=0x00007f83e3e3d79c relative=0x00000000000008fc
Event: 0.688 Thread 0x00007f83ecbb1180 Uncommon trap: reason=unstable_if action=reinterpret pc=0x00007f83e3e3d79c method=java.util.HashMap.putVal(ILjava/lang/Object;Ljava/lang/Object;ZZ)Ljava/lang/Object; @ 81 c2
Event: 0.688 Thread 0x00007f83ecbb1180 DEOPT PACKING pc=0x00007f83e3e3d79c sp=0x00007f83ad8e7c80
Event: 0.688 Thread 0x00007f83ecbb1180 DEOPT UNPACKING pc=0x00007f83dc20d599 sp=0x00007f83ad8e7c20 mode 2
Event: 0.688 Thread 0x00007f83ecbb1180 Uncommon trap: trap_request=0xffffff45 fr.pc=0x00007f83e3e49d80 relative=0x0000000000000960
Event: 0.688 Thread 0x00007f83ecbb1180 Uncommon trap: reason=unstable_if action=reinterpret pc=0x00007f83e3e49d80 method=java.util.HashMap.putVal(ILjava/lang/Object;Ljava/lang/Object;ZZ)Ljava/lang/Object; @ 81 c2
Event: 0.688 Thread 0x00007f83ecbb1180 DEOPT PACKING pc=0x00007f83e3e49d80 sp=0x00007f83ad8e7e30
Event: 0.688 Thread 0x00007f83ecbb1180 DEOPT UNPACKING pc=0x00007f83dc20d599 sp=0x00007f83ad8e7d78 mode 2
Event: 0.689 Thread 0x00007f83ecbb1180 Uncommon trap: trap_request=0xffffff45 fr.pc=0x00007f83e3e5685c relative=0x000000000000091c
Event: 0.689 Thread 0x00007f83ecbb1180 Uncommon trap: reason=unstable_if action=reinterpret pc=0x00007f83e3e5685c method=java.util.HashMap.putVal(ILjava/lang/Object;Ljava/lang/Object;ZZ)Ljava/lang/Object; @ 81 c2
Event: 0.689 Thread 0x00007f83ecbb1180 DEOPT PACKING pc=0x00007f83e3e5685c sp=0x00007f83ad8e7dd0
Event: 0.689 Thread 0x00007f83ecbb1180 DEOPT UNPACKING pc=0x00007f83dc20d599 sp=0x00007f83ad8e7c88 mode 2
Event: 0.788 Thread 0x00007f83eca09580 Uncommon trap: trap_request=0xffffff45 fr.pc=0x00007f83e3e01940 relative=0x0000000000000180
Event: 0.788 Thread 0x00007f83eca09580 Uncommon trap: reason=unstable_if action=reinterpret pc=0x00007f83e3e01940 method=java.lang.invoke.VarHandle.checkExactAccessMode(Ljava/lang/invoke/VarHandle$AccessDescriptor;)V @ 4 c2
Event: 0.788 Thread 0x00007f83eca09580 DEOPT PACKING pc=0x00007f83e3e01940 sp=0x00007f83ad9e8d00
Event: 0.788 Thread 0x00007f83eca09580 DEOPT UNPACKING pc=0x00007f83dc20d599 sp=0x00007f83ad9e8c60 mode 2
Event: 0.792 Thread 0x00007f83eca09580 Uncommon trap: trap_request=0xffffff45 fr.pc=0x00007f83e3e7173c relative=0x0000000000000b9c
Event: 0.792 Thread 0x00007f83eca09580 Uncommon trap: reason=unstable_if action=reinterpret pc=0x00007f83e3e7173c method=java.util.concurrent.ConcurrentHashMap.putVal(Ljava/lang/Object;Ljava/lang/Object;Z)Ljava/lang/Object; @ 148 c2
Event: 0.792 Thread 0x00007f83eca09580 DEOPT PACKING pc=0x00007f83e3e7173c sp=0x00007f83ad9e3a80
Event: 0.792 Thread 0x00007f83eca09580 DEOPT UNPACKING pc=0x00007f83dc20d599 sp=0x00007f83ad9e3a00 mode 2

Classes unloaded (0 events):
No events

Classes redefined (0 events):
No events

Internal exceptions (20 events):
Event: 0.226 Thread 0x00007f83ec0253b0 Exception <a 'java/lang/NoSuchMethodError'{0x00000000eb069698}: 'java.lang.Object java.lang.invoke.DirectMethodHandle$Holder.newInvokeSpecial(java.lang.Object, java.lang.Object, long)'> (0x00000000eb069698) 
thrown [src/hotspot/share/interpreter/linkResolver.cpp, line 766]
Event: 0.227 Thread 0x00007f83ec0253b0 Exception <a 'java/lang/NoSuchMethodError'{0x00000000eb06d988}: 'java.lang.Object java.lang.invoke.Invokers$Holder.linkToTargetMethod(java.lang.Object, long, java.lang.Object)'> (0x00000000eb06d988) 
thrown [src/hotspot/share/interpreter/linkResolver.cpp, line 766]
Event: 0.229 Thread 0x00007f83ec0253b0 Exception <a 'java/lang/NoSuchMethodError'{0x00000000eb075cf8}: 'java.lang.Object java.lang.invoke.DirectMethodHandle$Holder.newInvokeSpecial(java.lang.Object, java.lang.Object, java.lang.Object, int)'> (0x00000000eb075cf8) 
thrown [src/hotspot/share/interpreter/linkResolver.cpp, line 766]
Event: 0.230 Thread 0x00007f83ec0253b0 Exception <a 'java/lang/NoSuchMethodError'{0x00000000eb07d668}: 'java.lang.Object java.lang.invoke.Invokers$Holder.linkToTargetMethod(java.lang.Object, java.lang.Object, int, java.lang.Object)'> (0x00000000eb07d668) 
thrown [src/hotspot/share/interpreter/linkResolver.cpp, line 766]
Event: 0.312 Thread 0x00007f83ec0253b0 Exception <a 'java/io/FileNotFoundException'{0x00000000eb780fb8}> (0x00000000eb780fb8) 
thrown [src/hotspot/share/prims/jni.cpp, line 516]
Event: 0.332 Thread 0x00007f83ec0253b0 Implicit null exception at 0x00007f83e3e105e0 to 0x00007f83e3e10f80
Event: 0.332 Thread 0x00007f83ec0253b0 Implicit null exception at 0x00007f83e3e168ec to 0x00007f83e3e16ae4
Event: 0.332 Thread 0x00007f83ec0253b0 Implicit null exception at 0x00007f83e3e13dec to 0x00007f83e3e13fc8
Event: 0.332 Thread 0x00007f83ec0253b0 Implicit null exception at 0x00007f83e3e1442f to 0x00007f83e3e144a9
Event: 0.359 Thread 0x00007f83ec0253b0 Exception <a 'java/lang/NoSuchMethodError'{0x00000000eb958998}: 'int java.lang.invoke.DirectMethodHandle$Holder.invokeStaticInit(java.lang.Object, java.lang.Object, java.lang.Object, java.lang.Object)'> (0x00000000eb958998) 
thrown [src/hotspot/share/interpreter/linkResolver.cpp, line 766]
Event: 0.360 Thread 0x00007f83ec0253b0 Exception <a 'java/lang/NoSuchMethodError'{0x00000000eb962cb8}: 'java.lang.Object java.lang.invoke.DirectMethodHandle$Holder.invokeInterface(java.lang.Object, java.lang.Object)'> (0x00000000eb962cb8) 
thrown [src/hotspot/share/interpreter/linkResolver.cpp, line 766]
Event: 0.361 Thread 0x00007f83ec0253b0 Exception <a 'java/lang/IncompatibleClassChangeError'{0x00000000eb9664b0}: Found class java.lang.Object, but interface was expected> (0x00000000eb9664b0) 
thrown [src/hotspot/share/interpreter/linkResolver.cpp, line 833]
Event: 0.361 Thread 0x00007f83ec0253b0 Exception <a 'java/lang/NoSuchMethodError'{0x00000000eb9693d0}: 'void java.lang.invoke.DirectMethodHandle$Holder.invokeStatic(java.lang.Object, java.lang.Object)'> (0x00000000eb9693d0) 
thrown [src/hotspot/share/interpreter/linkResolver.cpp, line 766]
Event: 0.361 Thread 0x00007f83ec0253b0 Exception <a 'java/lang/NoSuchMethodError'{0x00000000eb96cbd0}: 'void java.lang.invoke.DirectMethodHandle$Holder.invokeStaticInit(java.lang.Object, java.lang.Object)'> (0x00000000eb96cbd0) 
thrown [src/hotspot/share/interpreter/linkResolver.cpp, line 766]
Event: 0.362 Thread 0x00007f83ec0253b0 Exception <a 'java/lang/NoSuchMethodError'{0x00000000eb9727b0}: 'int java.lang.invoke.DirectMethodHandle$Holder.invokeStaticInit(java.lang.Object, java.lang.Object)'> (0x00000000eb9727b0) 
thrown [src/hotspot/share/interpreter/linkResolver.cpp, line 766]
Event: 0.471 Thread 0x00007f83ec0253b0 Exception <a 'java/lang/NoSuchMethodError'{0x00000000ebe1edd8}: 'int java.lang.invoke.DirectMethodHandle$Holder.invokeSpecial(java.lang.Object, java.lang.Object, java.lang.Object)'> (0x00000000ebe1edd8) 
thrown [src/hotspot/share/interpreter/linkResolver.cpp, line 766]
Event: 0.512 Thread 0x00007f83ec0253b0 Exception <a 'java/lang/NoSuchMethodError'{0x00000000ec382190}: 'java.lang.Object java.lang.invoke.DirectMethodHandle$Holder.newInvokeSpecial(java.lang.Object, int, java.lang.Object)'> (0x00000000ec382190) 
thrown [src/hotspot/share/interpreter/linkResolver.cpp, line 766]
Event: 0.626 Thread 0x00007f83ec0253b0 Exception <a 'java/lang/UnsatisfiedLinkError'{0x00000000eb6d1b28}: 'void org.eclipse.equinox.launcher.JNIBridge._update_splash()'> (0x00000000eb6d1b28) 
thrown [src/hotspot/share/prims/nativeLookup.cpp, line 543]
Event: 0.630 Thread 0x00007f83ecbb1180 Exception <a 'java/lang/NoSuchMethodError'{0x00000000eb743978}: 'java.lang.Object java.lang.invoke.Invokers$Holder.invokeExact_MT(java.lang.Object, java.lang.Object, java.lang.Object, java.lang.Object, java.lang.Object, java.lang.Object)'> (0x00000000eb743978) 
thrown [src/hotspot/share/interpreter/linkResolver.cpp, line 766]
Event: 0.803 Thread 0x00007f83eca09580 Exception <a 'java/io/FileNotFoundException'{0x00000000eac289b0}> (0x00000000eac289b0) 
thrown [src/hotspot/share/prims/jni.cpp, line 516]

VM Operations (20 events):
Event: 0.503 Executing VM operation: HandshakeAllThreads
Event: 0.503 Executing VM operation: HandshakeAllThreads done
Event: 0.522 Executing VM operation: ParallelGCFailedAllocation
Event: 0.526 Executing VM operation: ParallelGCFailedAllocation done
Event: 0.627 Executing VM operation: HandshakeAllThreads
Event: 0.627 Executing VM operation: HandshakeAllThreads done
Event: 0.647 Executing VM operation: HandshakeAllThreads
Event: 0.647 Executing VM operation: HandshakeAllThreads done
Event: 0.668 Executing VM operation: ICBufferFull
Event: 0.668 Executing VM operation: ICBufferFull done
Event: 0.668 Executing VM operation: ICBufferFull
Event: 0.668 Executing VM operation: ICBufferFull done
Event: 0.668 Executing VM operation: ICBufferFull
Event: 0.668 Executing VM operation: ICBufferFull done
Event: 0.726 Executing VM operation: HandshakeAllThreads
Event: 0.726 Executing VM operation: HandshakeAllThreads done
Event: 0.782 Executing VM operation: ParallelGCFailedAllocation
Event: 0.786 Executing VM operation: ParallelGCFailedAllocation done
Event: 0.852 Executing VM operation: HandshakeAllThreads
Event: 0.853 Executing VM operation: HandshakeAllThreads done

Events (20 events):
Event: 0.852 loading class java/util/ResourceBundle$2
Event: 0.852 loading class java/util/ResourceBundle$2 done
Event: 0.852 loading class sun/util/PropertyResourceBundleCharset
Event: 0.852 loading class sun/util/PropertyResourceBundleCharset done
Event: 0.852 loading class sun/util/PropertyResourceBundleCharset$PropertiesFileDecoder
Event: 0.852 loading class sun/util/PropertyResourceBundleCharset$PropertiesFileDecoder done
Event: 0.856 loading class jdk/internal/reflect/UnsafeStaticObjectFieldAccessorImpl
Event: 0.857 loading class jdk/internal/reflect/UnsafeStaticObjectFieldAccessorImpl done
Event: 0.859 loading class java/lang/IllegalCallerException
Event: 0.859 loading class java/lang/IllegalCallerException done
Event: 0.860 loading class java/lang/StackWalker$Option
Event: 0.861 loading class java/lang/StackWalker$Option done
Event: 0.861 loading class org/xml/sax/SAXParseException
Event: 0.862 loading class org/xml/sax/SAXParseException done
Event: 0.907 Thread 0x00007f834c070c30 Thread added: 0x00007f834c070c30
Event: 0.907 Protecting memory [0x00007f83afafb000,0x00007f83afaff000] with protection modes 0
Event: 0.918 loading class java/util/TreeMap$Values
Event: 0.918 loading class java/util/TreeMap$Values done
Event: 0.918 loading class java/util/TreeMap$ValueIterator
Event: 0.918 loading class java/util/TreeMap$ValueIterator done


Dynamic libraries:
c0000000-c4300000 rw-p 00000000 00:00 0 
c4300000-eab00000 ---p 00000000 00:00 0 
eab00000-ecc00000 rw-p 00000000 00:00 0 
ecc00000-100000000 ---p 00000000 00:00 0 
100000000-100020000 rw-p 00000000 00:00 0 
100020000-100040000 rw-p 00000000 00:00 0 
100040000-100100000 rw-p 00000000 00:00 0 
100100000-100170000 rw-p 00000000 00:00 0 
100170000-100180000 ---p 00000000 00:00 0 
100180000-1001e0000 rw-p 00000000 00:00 0 
1001e0000-140000000 ---p 00000000 00:00 0 
55d90f779000-55d90f77a000 r-xp 00000000 00:3b 23075348401                /home/j/jaysqvl/.vscode-server/extensions/redhat.java-1.4.0/jre/17.0.2-linux-x86_64/bin/java
55d90f97a000-55d90f97b000 r--p 00001000 00:3b 23075348401                /home/j/jaysqvl/.vscode-server/extensions/redhat.java-1.4.0/jre/17.0.2-linux-x86_64/bin/java
55d90f97b000-55d90f97c000 rw-p 00002000 00:3b 23075348401                /home/j/jaysqvl/.vscode-server/extensions/redhat.java-1.4.0/jre/17.0.2-linux-x86_64/bin/java
55d90fb0c000-55d90fb2d000 rw-p 00000000 00:00 0                          [heap]
7f8280000000-7f8280021000 rw-p 00000000 00:00 0 
7f8280021000-7f8284000000 ---p 00000000 00:00 0 
7f8284000000-7f8284021000 rw-p 00000000 00:00 0 
7f8284021000-7f8288000000 ---p 00000000 00:00 0 
7f8288000000-7f8288021000 rw-p 00000000 00:00 0 
7f8288021000-7f828c000000 ---p 00000000 00:00 0 
7f828c000000-7f828c021000 rw-p 00000000 00:00 0 
7f828c021000-7f8290000000 ---p 00000000 00:00 0 
7f8290000000-7f8290021000 rw-p 00000000 00:00 0 
7f8290021000-7f8294000000 ---p 00000000 00:00 0 
7f8294000000-7f8294021000 rw-p 00000000 00:00 0 
7f8294021000-7f8298000000 ---p 00000000 00:00 0 
7f8298000000-7f8298021000 rw-p 00000000 00:00 0 
7f8298021000-7f829c000000 ---p 00000000 00:00 0 
7f829c000000-7f829c021000 rw-p 00000000 00:00 0 
7f829c021000-7f82a0000000 ---p 00000000 00:00 0 
7f82a0000000-7f82a0021000 rw-p 00000000 00:00 0 
7f82a0021000-7f82a4000000 ---p 00000000 00:00 0 
7f82a4000000-7f82a4021000 rw-p 00000000 00:00 0 
7f82a4021000-7f82a8000000 ---p 00000000 00:00 0 
7f82a8000000-7f82a8021000 rw-p 00000000 00:00 0 
7f82a8021000-7f82ac000000 ---p 00000000 00:00 0 
7f82ac000000-7f82ac021000 rw-p 00000000 00:00 0 
7f82ac021000-7f82b0000000 ---p 00000000 00:00 0 
7f82b0000000-7f82b0021000 rw-p 00000000 00:00 0 
7f82b0021000-7f82b4000000 ---p 00000000 00:00 0 
7f82b4000000-7f82b4021000 rw-p 00000000 00:00 0 
7f82b4021000-7f82b8000000 ---p 00000000 00:00 0 
7f82b8000000-7f82b8021000 rw-p 00000000 00:00 0 
7f82b8021000-7f82bc000000 ---p 00000000 00:00 0 
7f82bc000000-7f82bc021000 rw-p 00000000 00:00 0 
7f82bc021000-7f82c0000000 ---p 00000000 00:00 0 
7f82c0000000-7f82c0021000 rw-p 00000000 00:00 0 
7f82c0021000-7f82c4000000 ---p 00000000 00:00 0 
7f82c4000000-7f82c4021000 rw-p 00000000 00:00 0 
7f82c4021000-7f82c8000000 ---p 00000000 00:00 0 
7f82c8000000-7f82c8021000 rw-p 00000000 00:00 0 
7f82c8021000-7f82cc000000 ---p 00000000 00:00 0 
7f82cc000000-7f82cc021000 rw-p 00000000 00:00 0 
7f82cc021000-7f82d0000000 ---p 00000000 00:00 0 
7f82d0000000-7f82d0021000 rw-p 00000000 00:00 0 
7f82d0021000-7f82d4000000 ---p 00000000 00:00 0 
7f82d4000000-7f82d4021000 rw-p 00000000 00:00 0 
7f82d4021000-7f82d8000000 ---p 00000000 00:00 0 
7f82d8000000-7f82d8021000 rw-p 00000000 00:00 0 
7f82d8021000-7f82dc000000 ---p 00000000 00:00 0 
7f82dc000000-7f82dc021000 rw-p 00000000 00:00 0 
7f82dc021000-7f82e0000000 ---p 00000000 00:00 0 
7f82e0000000-7f82e0021000 rw-p 00000000 00:00 0 
7f82e0021000-7f82e4000000 ---p 00000000 00:00 0 
7f82e58d9000-7f82e58dd000 ---p 00000000 00:00 0 
7f82e58dd000-7f82e59da000 rw-p 00000000 00:00 0 
7f82e59da000-7f82e59de000 ---p 00000000 00:00 0 
7f82e59de000-7f82e5adb000 rw-p 00000000 00:00 0 
7f82e5adb000-7f82e5adf000 ---p 00000000 00:00 0 
7f82e5adf000-7f82e5bdc000 rw-p 00000000 00:00 0 
7f82e5bdc000-7f82e5be0000 ---p 00000000 00:00 0 
7f82e5be0000-7f82e5cdd000 rw-p 00000000 00:00 0 
7f82e5cdd000-7f82e5ce1000 ---p 00000000 00:00 0 
7f82e5ce1000-7f82e5dde000 rw-p 00000000 00:00 0 
7f82e5dde000-7f82e5de2000 ---p 00000000 00:00 0 
7f82e5de2000-7f82e5edf000 rw-p 00000000 00:00 0 
7f82e5edf000-7f82e5ee3000 ---p 00000000 00:00 0 
7f82e5ee3000-7f82e5fe0000 rw-p 00000000 00:00 0 
7f82e5fe0000-7f82e5fe4000 ---p 00000000 00:00 0 
7f82e5fe4000-7f82e60e1000 rw-p 00000000 00:00 0 
7f82e60e1000-7f82e60e5000 ---p 00000000 00:00 0 
7f82e60e5000-7f82e61e2000 rw-p 00000000 00:00 0 
7f82e61e2000-7f82e61e6000 ---p 00000000 00:00 0 
7f82e61e6000-7f82e62e3000 rw-p 00000000 00:00 0 
7f82e62e3000-7f82e62e7000 ---p 00000000 00:00 0 
7f82e62e7000-7f82e63e4000 rw-p 00000000 00:00 0 
7f82e63e4000-7f82e63e8000 ---p 00000000 00:00 0 
7f82e63e8000-7f82e64e5000 rw-p 00000000 00:00 0 
7f82e64e5000-7f82e64e9000 ---p 00000000 00:00 0 
7f82e64e9000-7f82e65e6000 rw-p 00000000 00:00 0 
7f82e65e6000-7f82e65ea000 ---p 00000000 00:00 0 
7f82e65ea000-7f82e66e7000 rw-p 00000000 00:00 0 
7f82e66e7000-7f82e66eb000 ---p 00000000 00:00 0 
7f82e66eb000-7f82e67e8000 rw-p 00000000 00:00 0 
7f82e67e8000-7f82e67ec000 ---p 00000000 00:00 0 
7f82e67ec000-7f82e68e9000 rw-p 00000000 00:00 0 
7f82e68e9000-7f82e68ed000 ---p 00000000 00:00 0 
7f82e68ed000-7f82e69ea000 rw-p 00000000 00:00 0 
7f82e69ea000-7f82e69ee000 ---p 00000000 00:00 0 
7f82e69ee000-7f82e6aeb000 rw-p 00000000 00:00 0 
7f82e6aeb000-7f82e6aef000 ---p 00000000 00:00 0 
7f82e6aef000-7f82e6bec000 rw-p 00000000 00:00 0 
7f82e6bec000-7f82e6bf0000 ---p 00000000 00:00 0 
7f82e6bf0000-7f82e6ced000 rw-p 00000000 00:00 0 
7f82e6ced000-7f82e6cf1000 ---p 00000000 00:00 0 
7f82e6cf1000-7f82e6dee000 rw-p 00000000 00:00 0 
7f82e6dee000-7f82e6df2000 ---p 00000000 00:00 0 
7f82e6df2000-7f82e6eef000 rw-p 00000000 00:00 0 
7f82e6eef000-7f82e6ef3000 ---p 00000000 00:00 0 
7f82e6ef3000-7f82e6ff0000 rw-p 00000000 00:00 0 
7f82e6ff0000-7f82e6ff4000 ---p 00000000 00:00 0 
7f82e6ff4000-7f82e70f1000 rw-p 00000000 00:00 0 
7f82e70f1000-7f82e70f5000 ---p 00000000 00:00 0 
7f82e70f5000-7f82e71f2000 rw-p 00000000 00:00 0 
7f82e71f2000-7f82e71f6000 ---p 00000000 00:00 0 
7f82e71f6000-7f82e72f3000 rw-p 00000000 00:00 0 
7f82e72f3000-7f82e72f7000 ---p 00000000 00:00 0 
7f82e72f7000-7f82e73f4000 rw-p 00000000 00:00 0 
7f82e73f4000-7f82e73f8000 ---p 00000000 00:00 0 
7f82e73f8000-7f82e74f5000 rw-p 00000000 00:00 0 
7f82e74f5000-7f82e74f9000 ---p 00000000 00:00 0 
7f82e74f9000-7f82e75f6000 rw-p 00000000 00:00 0 
7f82e75f6000-7f82e75fa000 ---p 00000000 00:00 0 
7f82e75fa000-7f82e76f7000 rw-p 00000000 00:00 0 
7f82e76f7000-7f82e76fb000 ---p 00000000 00:00 0 
7f82e76fb000-7f82e77f8000 rw-p 00000000 00:00 0 
7f82e77f8000-7f82e77fc000 ---p 00000000 00:00 0 
7f82e77fc000-7f82e78f9000 rw-p 00000000 00:00 0 
7f82e78f9000-7f82e78fd000 ---p 00000000 00:00 0 
7f82e78fd000-7f82e79fa000 rw-p 00000000 00:00 0 
7f82e79fa000-7f82e79fe000 ---p 00000000 00:00 0 
7f82e79fe000-7f82e7afb000 rw-p 00000000 00:00 0 
7f82e7afb000-7f82e7aff000 ---p 00000000 00:00 0 
7f82e7aff000-7f82e7bfc000 rw-p 00000000 00:00 0 
7f82e7bfc000-7f82e7c00000 ---p 00000000 00:00 0 
7f82e7c00000-7f82e7cfd000 rw-p 00000000 00:00 0 
7f82e7cfd000-7f82e7d01000 ---p 00000000 00:00 0 
7f82e7d01000-7f82e7dfe000 rw-p 00000000 00:00 0 
7f82e7dfe000-7f82e7e02000 ---p 00000000 00:00 0 
7f82e7e02000-7f82e7eff000 rw-p 00000000 00:00 0 
7f82e7eff000-7f82e7f03000 ---p 00000000 00:00 0 
7f82e7f03000-7f82e8000000 rw-p 00000000 00:00 0 
7f82e8000000-7f82e8021000 rw-p 00000000 00:00 0 
7f82e8021000-7f82ec000000 ---p 00000000 00:00 0 
7f82ec000000-7f82ec021000 rw-p 00000000 00:00 0 
7f82ec021000-7f82f0000000 ---p 00000000 00:00 0 
7f82f0000000-7f82f0021000 rw-p 00000000 00:00 0 
7f82f0021000-7f82f4000000 ---p 00000000 00:00 0 
7f82f4000000-7f82f4021000 rw-p 00000000 00:00 0 
7f82f4021000-7f82f8000000 ---p 00000000 00:00 0 
7f82f8000000-7f82f8021000 rw-p 00000000 00:00 0 
7f82f8021000-7f82fc000000 ---p 00000000 00:00 0 
7f82fc000000-7f82fc021000 rw-p 00000000 00:00 0 
7f82fc021000-7f8300000000 ---p 00000000 00:00 0 
7f8300000000-7f8300021000 rw-p 00000000 00:00 0 
7f8300021000-7f8304000000 ---p 00000000 00:00 0 
7f8304000000-7f8304021000 rw-p 00000000 00:00 0 
7f8304021000-7f8308000000 ---p 00000000 00:00 0 
7f8308000000-7f8308021000 rw-p 00000000 00:00 0 
7f8308021000-7f830c000000 ---p 00000000 00:00 0 
7f830c000000-7f830c021000 rw-p 00000000 00:00 0 
7f830c021000-7f8310000000 ---p 00000000 00:00 0 
7f8310000000-7f8310021000 rw-p 00000000 00:00 0 
7f8310021000-7f8314000000 ---p 00000000 00:00 0 
7f8314000000-7f8314021000 rw-p 00000000 00:00 0 
7f8314021000-7f8318000000 ---p 00000000 00:00 0 
7f8318000000-7f8318021000 rw-p 00000000 00:00 0 
7f8318021000-7f831c000000 ---p 00000000 00:00 0 
7f831c000000-7f831c021000 rw-p 00000000 00:00 0 
7f831c021000-7f8320000000 ---p 00000000 00:00 0 
7f8320000000-7f8320021000 rw-p 00000000 00:00 0 
7f8320021000-7f8324000000 ---p 00000000 00:00 0 
7f8324000000-7f8324021000 rw-p 00000000 00:00 0 
7f8324021000-7f8328000000 ---p 00000000 00:00 0 
7f8328000000-7f8328021000 rw-p 00000000 00:00 0 
7f8328021000-7f832c000000 ---p 00000000 00:00 0 
7f832c000000-7f832c021000 rw-p 00000000 00:00 0 
7f832c021000-7f8330000000 ---p 00000000 00:00 0 
7f8330000000-7f8330021000 rw-p 00000000 00:00 0 
7f8330021000-7f8334000000 ---p 00000000 00:00 0 
7f8334000000-7f8334021000 rw-p 00000000 00:00 0 
7f8334021000-7f8338000000 ---p 00000000 00:00 0 
7f8338000000-7f8338062000 rw-p 00000000 00:00 0 
7f8338062000-7f833c000000 ---p 00000000 00:00 0 
7f833c000000-7f833c021000 rw-p 00000000 00:00 0 
7f833c021000-7f8340000000 ---p 00000000 00:00 0 
7f8340000000-7f8340021000 rw-p 00000000 00:00 0 
7f8340021000-7f8344000000 ---p 00000000 00:00 0 
7f8344000000-7f83445df000 rw-p 00000000 00:00 0 
7f83445df000-7f8348000000 ---p 00000000 00:00 0 
7f8348000000-7f8348045000 rw-p 00000000 00:00 0 
7f8348045000-7f834c000000 ---p 00000000 00:00 0 
7f834c000000-7f834c074000 rw-p 00000000 00:00 0 
7f834c074000-7f8350000000 ---p 00000000 00:00 0 
7f8350000000-7f8350021000 rw-p 00000000 00:00 0 
7f8350021000-7f8354000000 ---p 00000000 00:00 0 
7f8354000000-7f835402d000 rw-p 00000000 00:00 0 
7f835402d000-7f8358000000 ---p 00000000 00:00 0 
7f8358000000-7f8358021000 rw-p 00000000 00:00 0 
7f8358021000-7f835c000000 ---p 00000000 00:00 0 
7f835c000000-7f835c021000 rw-p 00000000 00:00 0 
7f835c021000-7f8360000000 ---p 00000000 00:00 0 
7f8360000000-7f8360021000 rw-p 00000000 00:00 0 
7f8360021000-7f8364000000 ---p 00000000 00:00 0 
7f8364000000-7f8364021000 rw-p 00000000 00:00 0 
7f8364021000-7f8368000000 ---p 00000000 00:00 0 
7f8368000000-7f8368021000 rw-p 00000000 00:00 0 
7f8368021000-7f836c000000 ---p 00000000 00:00 0 
7f836c000000-7f836c021000 rw-p 00000000 00:00 0 
7f836c021000-7f8370000000 ---p 00000000 00:00 0 
7f8370000000-7f8370021000 rw-p 00000000 00:00 0 
7f8370021000-7f8374000000 ---p 00000000 00:00 0 
7f8374000000-7f8374021000 rw-p 00000000 00:00 0 
7f8374021000-7f8378000000 ---p 00000000 00:00 0 
7f8378000000-7f8378021000 rw-p 00000000 00:00 0 
7f8378021000-7f837c000000 ---p 00000000 00:00 0 
7f837c000000-7f837c021000 rw-p 00000000 00:00 0 
7f837c021000-7f8380000000 ---p 00000000 00:00 0 
7f8380000000-7f8380021000 rw-p 00000000 00:00 0 
7f8380021000-7f8384000000 ---p 00000000 00:00 0 
7f8384000000-7f8384021000 rw-p 00000000 00:00 0 
7f8384021000-7f8388000000 ---p 00000000 00:00 0 
7f8388000000-7f8388021000 rw-p 00000000 00:00 0 
7f8388021000-7f838c000000 ---p 00000000 00:00 0 
7f838c000000-7f838c154000 rw-p 00000000 00:00 0 
7f838c154000-7f8390000000 ---p 00000000 00:00 0 
7f8390000000-7f8390021000 rw-p 00000000 00:00 0 
7f8390021000-7f8394000000 ---p 00000000 00:00 0 
7f8394000000-7f8394021000 rw-p 00000000 00:00 0 
7f8394021000-7f8398000000 ---p 00000000 00:00 0 
7f8398000000-7f8398219000 rw-p 00000000 00:00 0 
7f8398219000-7f839c000000 ---p 00000000 00:00 0 
7f839c000000-7f839c418000 rw-p 00000000 00:00 0 
7f839c418000-7f83a0000000 ---p 00000000 00:00 0 
7f83a0000000-7f83a0021000 rw-p 00000000 00:00 0 
7f83a0021000-7f83a4000000 ---p 00000000 00:00 0 
7f83a4000000-7f83a4021000 rw-p 00000000 00:00 0 
7f83a4021000-7f83a8000000 ---p 00000000 00:00 0 
7f83a8000000-7f83a815d000 rw-p 00000000 00:00 0 
7f83a815d000-7f83ac000000 ---p 00000000 00:00 0 
7f83ac0c4000-7f83ac0c8000 ---p 00000000 00:00 0 
7f83ac0c8000-7f83ac1c5000 rw-p 00000000 00:00 0 
7f83ac1c5000-7f83ac1c9000 ---p 00000000 00:00 0 
7f83ac1c9000-7f83ac2c6000 rw-p 00000000 00:00 0 
7f83ac2c6000-7f83ac2ca000 ---p 00000000 00:00 0 
7f83ac2ca000-7f83ac3c7000 rw-p 00000000 00:00 0 
7f83ac3c7000-7f83ac3cb000 ---p 00000000 00:00 0 
7f83ac3cb000-7f83ac4c8000 rw-p 00000000 00:00 0 
7f83ac4c8000-7f83ac4cc000 ---p 00000000 00:00 0 
7f83ac4cc000-7f83ac5c9000 rw-p 00000000 00:00 0 
7f83ac5c9000-7f83ac5cd000 ---p 00000000 00:00 0 
7f83ac5cd000-7f83ac6ca000 rw-p 00000000 00:00 0 
7f83ac6ca000-7f83ac6ce000 ---p 00000000 00:00 0 
7f83ac6ce000-7f83ac7cb000 rw-p 00000000 00:00 0 
7f83ac7cb000-7f83ac7cf000 ---p 00000000 00:00 0 
7f83ac7cf000-7f83ac8cc000 rw-p 00000000 00:00 0 
7f83ac8cc000-7f83ac8d0000 ---p 00000000 00:00 0 
7f83ac8d0000-7f83ac9cd000 rw-p 00000000 00:00 0 
7f83ac9cd000-7f83ac9d1000 ---p 00000000 00:00 0 
7f83ac9d1000-7f83acace000 rw-p 00000000 00:00 0 
7f83acace000-7f83acad2000 ---p 00000000 00:00 0 
7f83acad2000-7f83acbcf000 rw-p 00000000 00:00 0 
7f83acbcf000-7f83acbd3000 ---p 00000000 00:00 0 
7f83acbd3000-7f83accd0000 rw-p 00000000 00:00 0 
7f83accd0000-7f83accd4000 ---p 00000000 00:00 0 
7f83accd4000-7f83acdd1000 rw-p 00000000 00:00 0 
7f83acdd1000-7f83acdd5000 ---p 00000000 00:00 0 
7f83acdd5000-7f83aced2000 rw-p 00000000 00:00 0 
7f83aced2000-7f83aced6000 ---p 00000000 00:00 0 
7f83aced6000-7f83acfd3000 rw-p 00000000 00:00 0 
7f83acfd3000-7f83acfd7000 ---p 00000000 00:00 0 
7f83acfd7000-7f83ad0d4000 rw-p 00000000 00:00 0 
7f83ad0d4000-7f83ad0d8000 ---p 00000000 00:00 0 
7f83ad0d8000-7f83ad1d5000 rw-p 00000000 00:00 0 
7f83ad1d5000-7f83ad1d9000 ---p 00000000 00:00 0 
7f83ad1d9000-7f83ad2d6000 rw-p 00000000 00:00 0 
7f83ad2d6000-7f83ad2da000 ---p 00000000 00:00 0 
7f83ad2da000-7f83ad3d7000 rw-p 00000000 00:00 0 
7f83ad3d7000-7f83ad3db000 ---p 00000000 00:00 0 
7f83ad3db000-7f83ad4d8000 rw-p 00000000 00:00 0 
7f83ad4d8000-7f83ad4dc000 ---p 00000000 00:00 0 
7f83ad4dc000-7f83ad5d9000 rw-p 00000000 00:00 0 
7f83ad5d9000-7f83ad5e9000 r-xp 00000000 00:3b 23262825945                /home/j/jaysqvl/.vscode-server/data/User/globalStorage/redhat.java/1.4.0/config_ss_linux/org.eclipse.equinox.launcher/org.eclipse.equinox.launcher.gtk.linux.x86_64_1.2.400.v20211117-0650/eclipse_11600.so
7f83ad5e9000-7f83ad7e8000 ---p 00010000 00:3b 23262825945                /home/j/jaysqvl/.vscode-server/data/User/globalStorage/redhat.java/1.4.0/config_ss_linux/org.eclipse.equinox.launcher/org.eclipse.equinox.launcher.gtk.linux.x86_64_1.2.400.v20211117-0650/eclipse_11600.so
7f83ad7e8000-7f83ad7e9000 r--p 0000f000 00:3b 23262825945                /home/j/jaysqvl/.vscode-server/data/User/globalStorage/redhat.java/1.4.0/config_ss_linux/org.eclipse.equinox.launcher/org.eclipse.equinox.launcher.gtk.linux.x86_64_1.2.400.v20211117-0650/eclipse_11600.so
7f83ad7e9000-7f83ad7ea000 rw-p 00010000 00:3b 23262825945                /home/j/jaysqvl/.vscode-server/data/User/globalStorage/redhat.java/1.4.0/config_ss_linux/org.eclipse.equinox.launcher/org.eclipse.equinox.launcher.gtk.linux.x86_64_1.2.400.v20211117-0650/eclipse_11600.so
7f83ad7ea000-7f83ad7ee000 ---p 00000000 00:00 0 
7f83ad7ee000-7f83ad8eb000 rw-p 00000000 00:00 0 
7f83ad8eb000-7f83ad8ef000 ---p 00000000 00:00 0 
7f83ad8ef000-7f83ad9ec000 rw-p 00000000 00:00 0 
7f83ad9ec000-7f83ad9f0000 ---p 00000000 00:00 0 
7f83ad9f0000-7f83adaed000 rw-p 00000000 00:00 0 
7f83adaed000-7f83adaf1000 ---p 00000000 00:00 0 
7f83adaf1000-7f83adbee000 rw-p 00000000 00:00 0 
7f83adbee000-7f83adbf2000 ---p 00000000 00:00 0 
7f83adbf2000-7f83adcef000 rw-p 00000000 00:00 0 
7f83adcef000-7f83adcf3000 ---p 00000000 00:00 0 
7f83adcf3000-7f83addf0000 rw-p 00000000 00:00 0 
7f83addf0000-7f83addf1000 ---p 00000000 00:00 0 
7f83addf1000-7f83adef2000 rw-p 00000000 00:00 0 
7f83adef2000-7f83adef3000 ---p 00000000 00:00 0 
7f83adef3000-7f83adff4000 rw-p 00000000 00:00 0 
7f83adff4000-7f83adff5000 ---p 00000000 00:00 0 
7f83adff5000-7f83ae0f6000 rw-p 00000000 00:00 0 
7f83ae0f6000-7f83ae0f7000 ---p 00000000 00:00 0 
7f83ae0f7000-7f83ae1f8000 rw-p 00000000 00:00 0 
7f83ae1f8000-7f83ae1f9000 ---p 00000000 00:00 0 
7f83ae1f9000-7f83ae2fa000 rw-p 00000000 00:00 0 
7f83ae2fa000-7f83ae2fb000 ---p 00000000 00:00 0 
7f83ae2fb000-7f83ae3fc000 rw-p 00000000 00:00 0 
7f83ae3fc000-7f83ae400000 ---p 00000000 00:00 0 
7f83ae400000-7f83ae4fd000 rw-p 00000000 00:00 0 
7f83ae4fd000-7f83ae501000 ---p 00000000 00:00 0 
7f83ae501000-7f83ae5fe000 rw-p 00000000 00:00 0 
7f83ae5fe000-7f83ae602000 ---p 00000000 00:00 0 
7f83ae602000-7f83ae6ff000 rw-p 00000000 00:00 0 
7f83ae6ff000-7f83ae703000 ---p 00000000 00:00 0 
7f83ae703000-7f83ae900000 rw-p 00000000 00:00 0 
7f83ae900000-7f83aeb00000 rw-p 00000000 00:00 0 
7f83aeb00000-7f83aec00000 rw-p 00000000 00:00 0 
7f83aec00000-7f83aed80000 rw-p 00000000 00:00 0 
7f83aed80000-7f83aee00000 rw-p 00000000 00:00 0 
7f83aee00000-7f83aef00000 rw-p 00000000 00:00 0 
7f83aef00000-7f83aef30000 rw-p 00000000 00:00 0 
7f83aef30000-7f83af000000 ---p 00000000 00:00 0 
7f83af0cb000-7f83af0cf000 ---p 00000000 00:00 0 
7f83af0cf000-7f83af1cc000 rw-p 00000000 00:00 0 
7f83af1cc000-7f83af1d0000 ---p 00000000 00:00 0 
7f83af1d0000-7f83af2cd000 rw-p 00000000 00:00 0 
7f83af2cd000-7f83af2d1000 ---p 00000000 00:00 0 
7f83af2d1000-7f83af3ce000 rw-p 00000000 00:00 0 
7f83af3ce000-7f83af3d2000 ---p 00000000 00:00 0 
7f83af3d2000-7f83af4cf000 rw-p 00000000 00:00 0 
7f83af4cf000-7f83af4e4000 r-xp 00000000 00:3b 23054699002                /home/j/jaysqvl/.vscode-server/extensions/redhat.java-1.4.0/jre/17.0.2-linux-x86_64/lib/libnet.so
7f83af4e4000-7f83af6e3000 ---p 00015000 00:3b 23054699002                /home/j/jaysqvl/.vscode-server/extensions/redhat.java-1.4.0/jre/17.0.2-linux-x86_64/lib/libnet.so
7f83af6e3000-7f83af6e4000 r--p 00014000 00:3b 23054699002                /home/j/jaysqvl/.vscode-server/extensions/redhat.java-1.4.0/jre/17.0.2-linux-x86_64/lib/libnet.so
7f83af6e4000-7f83af6e5000 rw-p 00015000 00:3b 23054699002                /home/j/jaysqvl/.vscode-server/extensions/redhat.java-1.4.0/jre/17.0.2-linux-x86_64/lib/libnet.so
7f83af6e5000-7f83af6f7000 r-xp 00000000 00:3b 23054776087                /home/j/jaysqvl/.vscode-server/extensions/redhat.java-1.4.0/jre/17.0.2-linux-x86_64/lib/libnio.so
7f83af6f7000-7f83af8f6000 ---p 00012000 00:3b 23054776087                /home/j/jaysqvl/.vscode-server/extensions/redhat.java-1.4.0/jre/17.0.2-linux-x86_64/lib/libnio.so
7f83af8f6000-7f83af8f7000 r--p 00011000 00:3b 23054776087                /home/j/jaysqvl/.vscode-server/extensions/redhat.java-1.4.0/jre/17.0.2-linux-x86_64/lib/libnio.so
7f83af8f7000-7f83af8f8000 rw-p 00012000 00:3b 23054776087                /home/j/jaysqvl/.vscode-server/extensions/redhat.java-1.4.0/jre/17.0.2-linux-x86_64/lib/libnio.so
7f83af8f8000-7f83af8f9000 ---p 00000000 00:00 0 
7f83af8f9000-7f83af9fa000 rw-p 00000000 00:00 0 
7f83af9fa000-7f83af9fe000 ---p 00000000 00:00 0 
7f83af9fe000-7f83afafb000 rw-p 00000000 00:00 0 
7f83afafb000-7f83afaff000 ---p 00000000 00:00 0 
7f83afaff000-7f83afbfc000 rw-p 00000000 00:00 0 
7f83afbfc000-7f83afc00000 ---p 00000000 00:00 0 
7f83afc00000-7f83afcfd000 rw-p 00000000 00:00 0 
7f83afcfd000-7f83afd01000 ---p 00000000 00:00 0 
7f83afd01000-7f83afdfe000 rw-p 00000000 00:00 0 
7f83afdfe000-7f83afe02000 ---p 00000000 00:00 0 
7f83afe02000-7f83afeff000 rw-p 00000000 00:00 0 
7f83afeff000-7f83aff03000 ---p 00000000 00:00 0 
7f83aff03000-7f83b0000000 rw-p 00000000 00:00 0 
7f83b0000000-7f83b0021000 rw-p 00000000 00:00 0 
7f83b0021000-7f83b4000000 ---p 00000000 00:00 0 
7f83b4000000-7f83b432e000 rw-p 00000000 00:00 0 
7f83b432e000-7f83b8000000 ---p 00000000 00:00 0 
7f83b8000000-7f83b8021000 rw-p 00000000 00:00 0 
7f83b8021000-7f83bc000000 ---p 00000000 00:00 0 
7f83bc000000-7f83bc021000 rw-p 00000000 00:00 0 
7f83bc021000-7f83c0000000 ---p 00000000 00:00 0 
7f83c0000000-7f83c0021000 rw-p 00000000 00:00 0 
7f83c0021000-7f83c4000000 ---p 00000000 00:00 0 
7f83c4000000-7f83c4021000 rw-p 00000000 00:00 0 
7f83c4021000-7f83c8000000 ---p 00000000 00:00 0 
7f83c8000000-7f83c8021000 rw-p 00000000 00:00 0 
7f83c8021000-7f83cc000000 ---p 00000000 00:00 0 
7f83cc00a000-7f83cc00e000 ---p 00000000 00:00 0 
7f83cc00e000-7f83cc10b000 rw-p 00000000 00:00 0 
7f83cc10b000-7f83cc10f000 ---p 00000000 00:00 0 
7f83cc10f000-7f83cc20c000 rw-p 00000000 00:00 0 
7f83cc20c000-7f83cc210000 ---p 00000000 00:00 0 
7f83cc210000-7f83cc30d000 rw-p 00000000 00:00 0 
7f83cc30d000-7f83cc311000 ---p 00000000 00:00 0 
7f83cc311000-7f83cc40e000 rw-p 00000000 00:00 0 
7f83cc40e000-7f83cc686000 r--p 00000000 08:01 298284                     /usr/lib/locale/en_US.utf8/LC_COLLATE
7f83cc686000-7f83cc68a000 ---p 00000000 00:00 0 
7f83cc68a000-7f83cc787000 rw-p 00000000 00:00 0 
7f83cc787000-7f83cc78b000 ---p 00000000 00:00 0 
7f83cc78b000-7f83cc888000 rw-p 00000000 00:00 0 
7f83cc888000-7f83cc889000 ---p 00000000 00:00 0 
7f83cc889000-7f83d4000000 rw-p 00000000 00:00 0 
7f83d4000000-7f83d4021000 rw-p 00000000 00:00 0 
7f83d4021000-7f83d8000000 ---p 00000000 00:00 0 
7f83d8014000-7f83d802e000 rw-p 00000000 00:00 0 
7f83d802f000-7f83d8096000 rw-p 00000000 00:00 0 
7f83d8096000-7f83d80ea000 r--p 00000000 08:01 304257                     /usr/lib/locale/en_US.utf8/LC_CTYPE
7f83d80ea000-7f83d8df7000 rw-p 00000000 00:00 0 
7f83d8df7000-7f83d8dfe000 r-xp 00000000 00:3b 23074551548                /home/j/jaysqvl/.vscode-server/extensions/redhat.java-1.4.0/jre/17.0.2-linux-x86_64/lib/libzip.so
7f83d8dfe000-7f83d8ffe000 ---p 00007000 00:3b 23074551548                /home/j/jaysqvl/.vscode-server/extensions/redhat.java-1.4.0/jre/17.0.2-linux-x86_64/lib/libzip.so
7f83d8ffe000-7f83d8fff000 r--p 00007000 00:3b 23074551548                /home/j/jaysqvl/.vscode-server/extensions/redhat.java-1.4.0/jre/17.0.2-linux-x86_64/lib/libzip.so
7f83d8fff000-7f83d9000000 rw-p 00008000 00:3b 23074551548                /home/j/jaysqvl/.vscode-server/extensions/redhat.java-1.4.0/jre/17.0.2-linux-x86_64/lib/libzip.so
7f83d9000000-7f83d9400000 rw-p 00000000 00:00 0 
7f83d9400000-7f83d9420000 rw-p 00000000 00:00 0 
7f83d9420000-7f83d9440000 rw-p 00000000 00:00 0 
7f83d9440000-7f83d9480000 rw-p 00000000 00:00 0 
7f83d9480000-7f83d9500000 rw-p 00000000 00:00 0 
7f83d9500000-7f83d9700000 rw-p 00000000 00:00 0 
7f83d9700000-7f83d9740000 rw-p 00000000 00:00 0 
7f83d9740000-7f83d9780000 rw-p 00000000 00:00 0 
7f83d9780000-7f83d9801000 rw-p 00000000 00:00 0 
7f83d9801000-7f83dbbb1000 rw-p 00000000 00:00 0 
7f83dbbb1000-7f83dbce5000 ---p 00000000 00:00 0 
7f83dbce5000-7f83dbce6000 ---p 00000000 00:00 0 
7f83dbce6000-7f83dbe09000 rw-p 00000000 00:00 0 
7f83dbe09000-7f83dbf3c000 ---p 00000000 00:00 0 
7f83dbf3c000-7f83dbf4d000 rw-p 00000000 00:00 0 
7f83dbf4d000-7f83dbfe7000 ---p 00000000 00:00 0 
7f83dbfe7000-7f83dbfed000 rw-p 00000000 00:00 0 
7f83dbfed000-7f83dc0d0000 ---p 00000000 00:00 0 
7f83dc0d0000-7f83dc0da000 rw-p 00000000 00:00 0 
7f83dc0da000-7f83dc1b8000 ---p 00000000 00:00 0 
7f83dc1b8000-7f83dc518000 rwxp 00000000 00:00 0 
7f83dc518000-7f83dca19000 ---p 00000000 00:00 0 
7f83dca19000-7f83dcef9000 rwxp 00000000 00:00 0 
7f83dcef9000-7f83e3de8000 ---p 00000000 00:00 0 
7f83e3de8000-7f83e4058000 rwxp 00000000 00:00 0 
7f83e4058000-7f83eb1b8000 ---p 00000000 00:00 0 
7f83eb1b8000-7f83eb1dc000 r-xp 00000000 00:3b 23075348491                /home/j/jaysqvl/.vscode-server/extensions/redhat.java-1.4.0/jre/17.0.2-linux-x86_64/lib/libjava.so
7f83eb1dc000-7f83eb3dc000 ---p 00024000 00:3b 23075348491                /home/j/jaysqvl/.vscode-server/extensions/redhat.java-1.4.0/jre/17.0.2-linux-x86_64/lib/libjava.so
7f83eb3dc000-7f83eb3dd000 r--p 00024000 00:3b 23075348491                /home/j/jaysqvl/.vscode-server/extensions/redhat.java-1.4.0/jre/17.0.2-linux-x86_64/lib/libjava.so
7f83eb3dd000-7f83eb3de000 rw-p 00025000 00:3b 23075348491                /home/j/jaysqvl/.vscode-server/extensions/redhat.java-1.4.0/jre/17.0.2-linux-x86_64/lib/libjava.so
7f83eb3de000-7f83eb3df000 rw-p 00000000 00:00 0 
7f83eb3df000-7f83ebbe4000 r--s 00000000 08:03 394925                     /var/lib/sss/mc/passwd
7f83ebbe4000-7f83ebbec000 r-xp 00000000 08:01 283872                     /lib64/libnss_sss.so.2
7f83ebbec000-7f83ebdeb000 ---p 00008000 08:01 283872                     /lib64/libnss_sss.so.2
7f83ebdeb000-7f83ebdec000 r--p 00007000 08:01 283872                     /lib64/libnss_sss.so.2
7f83ebdec000-7f83ebded000 rw-p 00008000 08:01 283872                     /lib64/libnss_sss.so.2
7f83ebded000-7f83ebdf9000 r-xp 00000000 08:01 263712                     /lib64/libnss_files-2.31.so
7f83ebdf9000-7f83ebff8000 ---p 0000c000 08:01 263712                     /lib64/libnss_files-2.31.so
7f83ebff8000-7f83ebff9000 r--p 0000b000 08:01 263712                     /lib64/libnss_files-2.31.so
7f83ebff9000-7f83ebffa000 rw-p 0000c000 08:01 263712                     /lib64/libnss_files-2.31.so
7f83ebffa000-7f83ec000000 rw-p 00000000 00:00 0 
7f83ec000000-7f83ecbb6000 rw-p 00000000 00:00 0 
7f83ecbb6000-7f83f0000000 ---p 00000000 00:00 0 
7f83f0000000-7f83f0011000 rw-p 00000000 00:00 0 
7f83f0011000-7f83f0015000 ---p 00000000 00:00 0 
7f83f0015000-7f83f0033000 rw-p 00000000 00:00 0 
7f83f0033000-7f83f2c33000 r--s 00000000 00:3b 23074551549                /home/j/jaysqvl/.vscode-server/extensions/redhat.java-1.4.0/jre/17.0.2-linux-x86_64/lib/modules
7f83f2c33000-7f83f2c4e000 r-xp 00000000 00:3b 23053322011                /home/j/jaysqvl/.vscode-server/extensions/redhat.java-1.4.0/jre/17.0.2-linux-x86_64/lib/libjimage.so
7f83f2c4e000-7f83f2e4d000 ---p 0001b000 00:3b 23053322011                /home/j/jaysqvl/.vscode-server/extensions/redhat.java-1.4.0/jre/17.0.2-linux-x86_64/lib/libjimage.so
7f83f2e4d000-7f83f2e4f000 r--p 0001a000 00:3b 23053322011                /home/j/jaysqvl/.vscode-server/extensions/redhat.java-1.4.0/jre/17.0.2-linux-x86_64/lib/libjimage.so
7f83f2e4f000-7f83f2e50000 rw-p 0001c000 00:3b 23053322011                /home/j/jaysqvl/.vscode-server/extensions/redhat.java-1.4.0/jre/17.0.2-linux-x86_64/lib/libjimage.so
7f83f2e50000-7f83f2f98000 r-xp 00000000 08:01 262178                     /lib64/libm-2.31.so
7f83f2f98000-7f83f3198000 ---p 00148000 08:01 262178                     /lib64/libm-2.31.so
7f83f3198000-7f83f3199000 r--p 00148000 08:01 262178                     /lib64/libm-2.31.so
7f83f3199000-7f83f319b000 rw-p 00149000 08:01 262178                     /lib64/libm-2.31.so
7f83f319b000-7f83f31a3000 r-xp 00000000 08:01 264742                     /lib64/librt-2.31.so
7f83f31a3000-7f83f33a2000 ---p 00008000 08:01 264742                     /lib64/librt-2.31.so
7f83f33a2000-7f83f33a3000 r--p 00007000 08:01 264742                     /lib64/librt-2.31.so
7f83f33a3000-7f83f33a4000 rw-p 00008000 08:01 264742                     /lib64/librt-2.31.so
7f83f33a4000-7f83f4688000 r-xp 00000000 00:3b 23055613415                /home/j/jaysqvl/.vscode-server/extensions/redhat.java-1.4.0/jre/17.0.2-linux-x86_64/lib/server/libjvm.so
7f83f4688000-7f83f4888000 ---p 012e4000 00:3b 23055613415                /home/j/jaysqvl/.vscode-server/extensions/redhat.java-1.4.0/jre/17.0.2-linux-x86_64/lib/server/libjvm.so
7f83f4888000-7f83f4941000 r--p 012e4000 00:3b 23055613415                /home/j/jaysqvl/.vscode-server/extensions/redhat.java-1.4.0/jre/17.0.2-linux-x86_64/lib/server/libjvm.so
7f83f4941000-7f83f4976000 rw-p 0139d000 00:3b 23055613415                /home/j/jaysqvl/.vscode-server/extensions/redhat.java-1.4.0/jre/17.0.2-linux-x86_64/lib/server/libjvm.so
7f83f4976000-7f83f49cf000 rw-p 00000000 00:00 0 
7f83f49cf000-7f83f4bb5000 r-xp 00000000 08:01 262170                     /lib64/libc-2.31.so
7f83f4bb5000-7f83f4db5000 ---p 001e6000 08:01 262170                     /lib64/libc-2.31.so
7f83f4db5000-7f83f4db8000 r--p 001e6000 08:01 262170                     /lib64/libc-2.31.so
7f83f4db8000-7f83f4dc0000 rw-p 001e9000 08:01 262170                     /lib64/libc-2.31.so
7f83f4dc0000-7f83f4dc4000 rw-p 00000000 00:00 0 
7f83f4dc4000-7f83f4dc7000 r-xp 00000000 08:01 262175                     /lib64/libdl-2.31.so
7f83f4dc7000-7f83f4fc6000 ---p 00003000 08:01 262175                     /lib64/libdl-2.31.so
7f83f4fc6000-7f83f4fc7000 r--p 00002000 08:01 262175                     /lib64/libdl-2.31.so
7f83f4fc7000-7f83f4fc8000 rw-p 00003000 08:01 262175                     /lib64/libdl-2.31.so
7f83f4fc8000-7f83f4fe6000 r-xp 00000000 08:01 262172                     /lib64/libpthread-2.31.so
7f83f4fe6000-7f83f51e5000 ---p 0001e000 08:01 262172                     /lib64/libpthread-2.31.so
7f83f51e5000-7f83f51e6000 r--p 0001d000 08:01 262172                     /lib64/libpthread-2.31.so
7f83f51e6000-7f83f51e7000 rw-p 0001e000 08:01 262172                     /lib64/libpthread-2.31.so
7f83f51e7000-7f83f51eb000 rw-p 00000000 00:00 0 
7f83f51eb000-7f83f51fa000 r-xp 00000000 00:3b 23055613414                /home/j/jaysqvl/.vscode-server/extensions/redhat.java-1.4.0/jre/17.0.2-linux-x86_64/lib/libjli.so
7f83f51fa000-7f83f53fa000 ---p 0000f000 00:3b 23055613414                /home/j/jaysqvl/.vscode-server/extensions/redhat.java-1.4.0/jre/17.0.2-linux-x86_64/lib/libjli.so
7f83f53fa000-7f83f53fb000 r--p 0000f000 00:3b 23055613414                /home/j/jaysqvl/.vscode-server/extensions/redhat.java-1.4.0/jre/17.0.2-linux-x86_64/lib/libjli.so
7f83f53fb000-7f83f53fc000 rw-p 00010000 00:3b 23055613414                /home/j/jaysqvl/.vscode-server/extensions/redhat.java-1.4.0/jre/17.0.2-linux-x86_64/lib/libjli.so
7f83f53fc000-7f83f5412000 r-xp 00000000 08:01 262186                     /lib64/libz.so.1.2.11
7f83f5412000-7f83f5611000 ---p 00016000 08:01 262186                     /lib64/libz.so.1.2.11
7f83f5611000-7f83f5612000 r--p 00015000 08:01 262186                     /lib64/libz.so.1.2.11
7f83f5612000-7f83f5613000 rw-p 00016000 08:01 262186                     /lib64/libz.so.1.2.11
7f83f5613000-7f83f563d000 r-xp 00000000 08:01 262152                     /lib64/ld-2.31.so
7f83f563d000-7f83f5658000 rw-p 00000000 00:00 0 
7f83f5658000-7f83f5659000 r--p 00000000 08:01 304251                     /usr/lib/locale/en_US.utf8/LC_NUMERIC
7f83f5659000-7f83f565a000 r--p 00000000 08:01 304255                     /usr/lib/locale/en_US.utf8/LC_TIME
7f83f565a000-7f83f565b000 r--p 00000000 08:01 304246                     /usr/lib/locale/en_US.utf8/LC_MONETARY
7f83f565b000-7f83f5662000 r--s 00000000 08:01 1597668                    /usr/lib64/gconv/gconv-modules.cache
7f83f5662000-7f83f56fe000 rw-p 00000000 00:00 0 
7f83f56fe000-7f83f5702000 ---p 00000000 00:00 0 
7f83f5702000-7f83f5804000 rw-p 00000000 00:00 0 
7f83f5804000-7f83f5805000 r--p 00000000 08:01 304245                     /usr/lib/locale/en_US.utf8/LC_MESSAGES/SYS_LC_MESSAGES
7f83f5805000-7f83f5806000 r--p 00000000 08:01 304252                     /usr/lib/locale/en_US.utf8/LC_PAPER
7f83f5806000-7f83f5807000 r--p 00000000 08:01 304249                     /usr/lib/locale/en_US.utf8/LC_NAME
7f83f5807000-7f83f5808000 r--p 00000000 08:01 298281                     /usr/lib/locale/en_US.utf8/LC_ADDRESS
7f83f5808000-7f83f5809000 r--p 00000000 08:01 304254                     /usr/lib/locale/en_US.utf8/LC_TELEPHONE
7f83f5809000-7f83f580a000 r--p 00000000 08:01 304244                     /usr/lib/locale/en_US.utf8/LC_MEASUREMENT
7f83f580a000-7f83f580b000 r--p 00000000 08:01 304243                     /usr/lib/locale/en_US.utf8/LC_IDENTIFICATION
7f83f580b000-7f83f5826000 rw-p 00000000 00:00 0 
7f83f5826000-7f83f5830000 ---p 00000000 00:00 0 
7f83f5830000-7f83f5838000 rw-s 00000000 00:2e 215428731                  /tmp/hsperfdata_jaysqvl/51694
7f83f5838000-7f83f5839000 ---p 00000000 00:00 0 
7f83f5839000-7f83f583a000 r--p 00000000 00:00 0 
7f83f583a000-7f83f583b000 ---p 00000000 00:00 0 
7f83f583b000-7f83f583d000 rw-p 00000000 00:00 0 
7f83f583d000-7f83f583e000 r--p 0002a000 08:01 262152                     /lib64/ld-2.31.so
7f83f583e000-7f83f5840000 rw-p 0002b000 08:01 262152                     /lib64/ld-2.31.so
7ffeac935000-7ffeac957000 rw-p 00000000 00:00 0                          [stack]
7ffeac996000-7ffeac99a000 r--p 00000000 00:00 0                          [vvar]
7ffeac99a000-7ffeac99c000 r-xp 00000000 00:00 0                          [vdso]
ffffffffff600000-ffffffffff601000 --xp 00000000 00:00 0                  [vsyscall]


VM Arguments:
jvm_args: -Xmx500m --add-modules=ALL-SYSTEM --add-opens=java.base/java.util=ALL-UNNAMED --add-opens=java.base/java.lang=ALL-UNNAMED --add-opens=java.base/sun.nio.fs=ALL-UNNAMED -Declipse.application=org.eclipse.jdt.ls.core.id1 -Dosgi.bundles.defaultStartLevel=4 -Declipse.product=org.eclipse.jdt.ls.core.product -Djava.import.generatesMetadataFilesAtProjectRoot=false -Dfile.encoding=utf8 -XX:+UseParallelGC -XX:GCTimeRatio=4 -XX:AdaptiveSizePolicyWeight=90 -Dsun.zip.disableMemoryMapping=true -Xmx1G -Xms100m 
java_command: /home/j/jaysqvl/.vscode-server/extensions/redhat.java-1.4.0/server/plugins/org.eclipse.equinox.launcher_1.6.400.v20210924-0641.jar -configuration /home/j/jaysqvl/.vscode-server/data/User/globalStorage/redhat.java/1.4.0/config_ss_linux -data /home/j/jaysqvl/.vscode-server/data/User/workspaceStorage/ca0f3bc53bb39808caae60c7790b0be2/redhat.java/ss_ws
java_class_path (initial): /home/j/jaysqvl/.vscode-server/extensions/redhat.java-1.4.0/server/plugins/org.eclipse.equinox.launcher_1.6.400.v20210924-0641.jar
Launcher Type: SUN_STANDARD

[Global flags]
    uintx AdaptiveSizePolicyWeight                 = 90                                        {product} {command line}
     intx CICompilerCount                          = 18                                        {product} {ergonomic}
    uintx GCTimeRatio                              = 4                                         {product} {command line}
   size_t InitialHeapSize                          = 104857600                                 {product} {command line}
   size_t MaxHeapSize                              = 1073741824                                {product} {command line}
   size_t MaxNewSize                               = 357564416                                 {product} {ergonomic}
   size_t MinHeapDeltaBytes                        = 524288                                    {product} {ergonomic}
   size_t MinHeapSize                              = 104857600                                 {product} {command line}
   size_t NewSize                                  = 34603008                                  {product} {ergonomic}
    uintx NonNMethodCodeHeapSize                   = 8782280                                {pd product} {ergonomic}
    uintx NonProfiledCodeHeapSize                  = 121437980                              {pd product} {ergonomic}
   size_t OldSize                                  = 70254592                                  {product} {ergonomic}
    uintx ProfiledCodeHeapSize                     = 121437980                              {pd product} {ergonomic}
    uintx ReservedCodeCacheSize                    = 251658240                              {pd product} {ergonomic}
     bool SegmentedCodeCache                       = true                                      {product} {ergonomic}
   size_t SoftMaxHeapSize                          = 1073741824                             {manageable} {ergonomic}
     bool UseCompressedClassPointers               = true                           {product lp64_product} {ergonomic}
     bool UseCompressedOops                        = true                           {product lp64_product} {ergonomic}
     bool UseParallelGC                            = true                                      {product} {command line}

Logging:
Log output configuration:
 #0: stdout all=warning uptime,level,tags
 #1: stderr all=off uptime,level,tags

Environment Variables:
JAVA_HOME=/usr/lib64/jvm/java
CLASSPATH=.
PATH=/home/j/jaysqvl/.vscode-server/bin/c722ca6c7eed3d7987c0d5c3df5c45f6b15e77d1/bin/remote-cli:/cs/local/bin:/cs/local/generic/bin:/cs/local/bin/pbm+:/bin:/usr/ucb:/usr/bin:/home/j/jaysqvl/bin:/home/j/jaysqvl/bin/ix64linux:/usr/local/bin:/var/cfengine/bin:/usr/lib/mit/bin
SHELL=/bin/bash
HOSTTYPE=x86_64
OSTYPE=linux
MACHTYPE=x86_64-suse-linux
LANG=en_US.UTF-8

Signal Handlers:
   SIGSEGV: crash_handler in libjvm.so, mask=11100100010111111101111111111110, flags=SA_RESTART|SA_SIGINFO
    SIGBUS: crash_handler in libjvm.so, mask=11100100010111111101111111111110, flags=SA_RESTART|SA_SIGINFO
    SIGFPE: crash_handler in libjvm.so, mask=11100100010111111101111111111110, flags=SA_RESTART|SA_SIGINFO
   SIGPIPE: javaSignalHandler in libjvm.so, mask=11100100010111111101111111111110, flags=SA_RESTART|SA_SIGINFO
   SIGXFSZ: javaSignalHandler in libjvm.so, mask=11100100010111111101111111111110, flags=SA_RESTART|SA_SIGINFO
    SIGILL: crash_handler in libjvm.so, mask=11100100010111111101111111111110, flags=SA_RESTART|SA_SIGINFO
   SIGUSR2: SR_handler in libjvm.so, mask=00000000000000000000000000000000, flags=SA_RESTART|SA_SIGINFO
    SIGHUP: UserHandler in libjvm.so, mask=11100100010111111101111111111110, flags=SA_RESTART|SA_SIGINFO
    SIGINT: UserHandler in libjvm.so, mask=11100100010111111101111111111110, flags=SA_RESTART|SA_SIGINFO
   SIGTERM: UserHandler in libjvm.so, mask=11100100010111111101111111111110, flags=SA_RESTART|SA_SIGINFO
   SIGQUIT: UserHandler in libjvm.so, mask=11100100010111111101111111111110, flags=SA_RESTART|SA_SIGINFO
   SIGTRAP: crash_handler in libjvm.so, mask=11100100010111111101111111111110, flags=SA_RESTART|SA_SIGINFO


---------------  S Y S T E M  ---------------

OS:
LSB_VERSION="core-2.0-noarch:core-3.2-noarch:core-4.0-noarch:core-2.0-x86_64:core-3.2-x86_64:core-4.0-x86_64"
uname: Linux 5.3.18-150300.59.54-default #1 SMP Sat Mar 5 10:00:50 UTC 2022 (1d0fa95) x86_64
OS uptime: 14 days 6:26 hours
libc: glibc 2.31 NPTL 2.31 
rlimit (soft/hard): STACK 8192k/infinity , CORE 0k/infinity , NPROC 768090/768090 , NOFILE 524288/524288 , AS 8190000k/infinity , CPU infinity/infinity , DATA infinity/infinity , FSIZE infinity/infinity , MEMLOCK 64k/64k
load average: 0.33 0.18 0.36

/proc/meminfo:
MemTotal:       196653064 kB
MemFree:        57174972 kB
MemAvailable:   180202244 kB
Buffers:          860268 kB
Cached:         125332180 kB
SwapCached:          308 kB
Active:         68216980 kB
Inactive:       64146400 kB
Active(anon):    8782920 kB
Inactive(anon):  4779984 kB
Active(file):   59434060 kB
Inactive(file): 59366416 kB
Unevictable:         272 kB
Mlocked:             272 kB
SwapTotal:      16777212 kB
SwapFree:       16753404 kB
Dirty:               228 kB
Writeback:            68 kB
AnonPages:       6119036 kB
Mapped:          1022156 kB
Shmem:           7391968 kB
KReclaimable:    5674276 kB
Slab:            6272840 kB
SReclaimable:    5674276 kB
SUnreclaim:       598564 kB
KernelStack:       64576 kB
PageTables:       118976 kB
NFS_Unstable:          0 kB
Bounce:                0 kB
WritebackTmp:          0 kB
CommitLimit:    115103744 kB
Committed_AS:   35208392 kB
VmallocTotal:   34359738367 kB
VmallocUsed:      300964 kB
VmallocChunk:          0 kB
Percpu:            43776 kB
HardwareCorrupted:     0 kB
AnonHugePages:   2353152 kB
ShmemHugePages:        0 kB
ShmemPmdMapped:        0 kB
CmaTotal:              0 kB
CmaFree:               0 kB
HugePages_Total:       0
HugePages_Free:        0
HugePages_Rsvd:        0
HugePages_Surp:        0
Hugepagesize:       2048 kB
Hugetlb:               0 kB
DirectMap4k:     8360296 kB
DirectMap2M:    181049344 kB
DirectMap1G:    12582912 kB

/sys/kernel/mm/transparent_hugepage/enabled: [always] madvise never
/sys/kernel/mm/transparent_hugepage/defrag (defrag/compaction efforts parameter): always defer defer+madvise [madvise] never

Process Memory:
Virtual Size: 8189972K (peak: 8189976K)
Resident Set Size: 119992K (peak: 119992K) (anon: 92144K, file: 27816K, shmem: 32K)
Swapped out: 0K
C-Heap outstanding allocations: 28455K

/proc/sys/kernel/threads-max (system-wide limit on the number of threads): 1536180
/proc/sys/vm/max_map_count (maximum number of memory map areas a process may have): 65530
/proc/sys/kernel/pid_max (system-wide limit on number of process identifiers): 65536

container (cgroup) information:
container_type: cgroupv1
cpu_cpuset_cpus: 0-63
cpu_memory_nodes: 0-1
active_processor_count: 64
cpu_quota: no quota
cpu_period: 100000
cpu_shares: no shares
memory_limit_in_bytes: unlimited
memory_and_swap_limit_in_bytes: not supported
memory_soft_limit_in_bytes: unlimited
memory_usage_in_bytes: 135545221120
memory_max_usage_in_bytes: 2543366512640

Steal ticks since vm start: 0
Steal ticks percentage since vm start:  0.000

CPU: total 64 (initial active 64) (16 cores per cpu, 2 threads per core) family 6 model 85 stepping 7 microcode 0x500320a, cx8, cmov, fxsr, ht, mmx, 3dnowpref, sse, sse2, sse3, ssse3, sse4.1, sse4.2, popcnt, lzcnt, tsc, tscinvbit, avx, avx2, aes, erms, clmul, bmi1, bmi2, rtm, adx, avx512f, avx512dq, avx512cd, avx512bw, avx512vl, fma, vzeroupper, avx512_vnni, clflush, clflushopt, clwb
CPU Model and flags from /proc/cpuinfo:
model name	: Intel(R) Xeon(R) Gold 5218 CPU @ 2.30GHz
flags		: fpu vme de pse tsc msr pae mce cx8 apic sep mtrr pge mca cmov pat pse36 clflush dts acpi mmx fxsr sse sse2 ss ht tm pbe syscall nx pdpe1gb rdtscp lm constant_tsc art arch_perfmon pebs bts rep_good nopl xtopology nonstop_tsc cpuid aperfmperf pni pclmulqdq dtes64 monitor ds_cpl vmx smx est tm2 ssse3 sdbg fma cx16 xtpr pdcm pcid dca sse4_1 sse4_2 x2apic movbe popcnt tsc_deadline_timer aes xsave avx f16c rdrand lahf_lm abm 3dnowprefetch cpuid_fault epb cat_l3 cdp_l3 invpcid_single intel_ppin ssbd mba ibrs ibpb stibp ibrs_enhanced tpr_shadow vnmi flexpriority ept vpid ept_ad fsgsbase tsc_adjust bmi1 hle avx2 smep bmi2 erms invpcid rtm cqm mpx rdt_a avx512f avx512dq rdseed adx smap clflushopt clwb intel_pt avx512cd avx512bw avx512vl xsaveopt xsavec xgetbv1 xsaves cqm_llc cqm_occup_llc cqm_mbm_total cqm_mbm_local dtherm ida arat pln pts pku ospke avx512_vnni md_clear flush_l1d arch_capabilities

Online cpus: 0-63
Offline cpus: 
BIOS frequency limitation: <Not Available>
Frequency switch latency (ns): 0
Available cpu frequencies: <Not Available>
Current governor: powersave
Core performance/turbo boost: <Not Available>

Memory: 4k page, physical 196653064k(57174468k free), swap 16777212k(16753404k free)
Page Sizes: 4k

vm_info: OpenJDK 64-Bit Server VM (17.0.2+8) for linux-amd64 JRE (17.0.2+8), built on Jan 20 2022 09:56:58 by "" with gcc 7.5.0

END.
