#
# There is insufficient memory for the Java Runtime Environment to continue.
# Native memory allocation (mmap) failed to map 8388608 bytes for Failed to reserve memory for metaspace
# Possible reasons:
#   The system is out of physical RAM or swap space
#   The process is running with CompressedOops enabled, and the Java Heap may be blocking the growth of the native heap
# Possible solutions:
#   Reduce memory load on the system
#   Increase physical memory or swap space
#   Check if swap backing store is full
#   Decrease Java heap size (-Xmx/-Xms)
#   Decrease number of Java threads
#   Decrease Java thread stack sizes (-Xss)
#   Set larger code cache with -XX:ReservedCodeCacheSize=
#   JVM is running with Unscaled Compressed Oops mode in which the Java heap is
#     placed in the first 4GB address space. The Java Heap base address is the
#     maximum limit for the native heap growth. Please use -XX:HeapBaseMinAddress
#     to set the Java Heap base and to place the Java Heap above 4GB virtual address.
# This output file may be truncated or incomplete.
#
#  Out of Memory Error (virtualSpaceNode.cpp:249), pid=51057, tid=51112
#
# JRE version: OpenJDK Runtime Environment Temurin-17.0.2+8 (17.0.2+8) (build 17.0.2+8)
# Java VM: OpenJDK 64-Bit Server VM Temurin-17.0.2+8 (17.0.2+8, mixed mode, tiered, compressed oops, compressed class ptrs, parallel gc, linux-amd64)
# Core dump will be written. Default location: Core dumps may be processed with "/bin/false" (or dumping to /home/j/jaysqvl/cs213/Assignment 9/core.51057)
#

---------------  S U M M A R Y ------------

Command Line: -Xmx500m --add-modules=ALL-SYSTEM --add-opens=java.base/java.util=ALL-UNNAMED --add-opens=java.base/java.lang=ALL-UNNAMED --add-opens=java.base/sun.nio.fs=ALL-UNNAMED -Declipse.application=org.eclipse.jdt.ls.core.id1 -Dosgi.bundles.defaultStartLevel=4 -Declipse.product=org.eclipse.jdt.ls.core.product -Djava.import.generatesMetadataFilesAtProjectRoot=false -Dfile.encoding=utf8 -XX:+UseParallelGC -XX:GCTimeRatio=4 -XX:AdaptiveSizePolicyWeight=90 -Dsun.zip.disableMemoryMapping=true -Xmx1G -Xms100m /home/j/jaysqvl/.vscode-server/extensions/redhat.java-1.4.0/server/plugins/org.eclipse.equinox.launcher_1.6.400.v20210924-0641.jar -configuration /home/j/jaysqvl/.vscode-server/data/User/globalStorage/redhat.java/1.4.0/config_ss_linux -data /home/j/jaysqvl/.vscode-server/data/User/workspaceStorage/ca0f3bc53bb39808caae60c7790b0be2/redhat.java/ss_ws

Host: Intel(R) Xeon(R) Gold 5218 CPU @ 2.30GHz, 64 cores, 187G, LSB_VERSION="core-2.0-noarch:core-3.2-noarch:core-4.0-noarch:core-2.0-x86_64:core-3.2-x86_64:core-4.0-x86_64"
Time: Wed Mar 30 03:55:26 2022 PDT elapsed time: 2.027922 seconds (0d 0h 0m 2s)

---------------  T H R E A D  ---------------

Current thread (0x00007f64a801bd00):  JavaThread "C1 CompilerThread1" daemon [_thread_in_vm, id=51112, stack(0x00007f64bb8f9000,0x00007f64bb9fa000)]


Current CompileTask:
C1:   2030 2230       3       org.eclipse.core.internal.registry.ExtensionsParser::startElement (137 bytes)

Stack: [0x00007f64bb8f9000,0x00007f64bb9fa000],  sp=0x00007f64bb9f7790,  free space=1017k
Native frames: (J=compiled Java code, j=interpreted, Vv=VM code, C=native code)
V  [libjvm.so+0xf81ea1]